12/30/2023 03:13:48 PM Veri seti yüklendi.
12/30/2023 03:14:11 PM Temizlenmiş veriler için yeni veri seti oluşturuldu.
12/30/2023 03:14:25 PM Tür sütunu temizlendi.
12/30/2023 03:14:30 PM Uyarlama sütunu temizlendi.
12/30/2023 03:14:35 PM Senarist sütunu temizlendi.
12/30/2023 03:14:41 PM Yönetmen sütunu temizlendi.
12/30/2023 03:14:52 PM Başrol sütunu temizlendi.
12/30/2023 03:14:58 PM Besteci sütunu temizlendi.
12/30/2023 03:15:04 PM Sezon sayısı sütunu temizlendi.
12/30/2023 03:15:11 PM Bölüm sayısı sütunu temizlendi.
12/30/2023 03:15:15 PM Yapımcı sütunu temizlendi.
12/30/2023 03:15:19 PM Mekan sütunu temizlendi.
12/30/2023 03:15:26 PM Görüntü yönetmeni sütunu temizlendi.
12/30/2023 03:15:34 PM Gösterim süresi sütunu temizlendi.
12/30/2023 03:15:40 PM Yapım şirketi sütunu temizlendi.
12/30/2023 03:15:44 PM Kanal sütunu temizlendi.
12/30/2023 03:15:49 PM Platform sütunu temizlendi.
12/30/2023 03:15:54 PM Ses formatı sütunu temizlendi.
12/30/2023 03:15:58 PM Yayın tarihi sütunu temizlendi.
12/30/2023 03:16:04 PM Tarih sütunu temizlendi.
12/30/2023 03:16:08 PM Youtube sütunu temizlendi.
12/30/2023 03:16:13 PM Facebook sütunu temizlendi.
12/30/2023 03:16:20 PM Twitter sütunu temizlendi.
12/30/2023 03:16:31 PM Instagram sütunu temizlendi.
12/30/2023 03:16:38 PM Durum sütunu temizlendi.
12/30/2023 03:16:58 PM Tarihi 2024 olan veriler temizlendi.
12/30/2023 03:17:20 PM Veri seti tarihe göre sıralandı.
12/30/2023 03:17:32 PM Temizlenen veri seti kaydedildi.
