12/30/2023 03:27:25 PM Temizlenmiş veri seti yüklendi.
12/30/2023 03:28:01 PM Veri setindeki türler ve adetleri bulundu.
12/30/2023 03:30:07 PM En çok geçen 15 tür grafiği oluşturuldu.
12/30/2023 03:30:07 PM Loaded backend module://matplotlib_inline.backend_inline version unknown.
12/30/2023 03:30:07 PM Loaded backend module://matplotlib_inline.backend_inline version unknown.
12/30/2023 03:30:07 PM findfont: Matching sans\-serif:style=normal:variant=normal:weight=normal:stretch=normal:size=10.0.
12/30/2023 03:30:07 PM findfont: score(FontEntry(fname='/home/alper/.local/lib/python3.10/site-packages/matplotlib/mpl-data/fonts/ttf/DejaVuSerifDisplay.ttf', name='DejaVu Serif Display', style='normal', variant='normal', weight=400, stretch='normal', size='scalable')) = 10.05
12/30/2023 03:30:07 PM findfont: score(FontEntry(fname='/home/alper/.local/lib/python3.10/site-packages/matplotlib/mpl-data/fonts/ttf/STIXSizFourSymBol.ttf', name='STIXSizeFourSym', style='normal', variant='normal', weight=700, stretch='normal', size='scalable')) = 10.335
12/30/2023 03:30:07 PM findfont: score(FontEntry(fname='/home/alper/.local/lib/python3.10/site-packages/matplotlib/mpl-data/fonts/ttf/STIXGeneralBolIta.ttf', name='STIXGeneral', style='italic', variant='normal', weight=700, stretch='normal', size='scalable')) = 11.335
12/30/2023 03:30:07 PM findfont: score(FontEntry(fname='/home/alper/.local/lib/python3.10/site-packages/matplotlib/mpl-data/fonts/ttf/cmb10.ttf', name='cmb10', style='normal', variant='normal', weight=400, stretch='normal', size='scalable')) = 10.05
12/30/2023 03:30:07 PM findfont: score(FontEntry(fname='/home/alper/.local/lib/python3.10/site-packages/matplotlib/mpl-data/fonts/ttf/STIXGeneralBol.ttf', name='STIXGeneral', style='normal', variant='normal', weight=700, stretch='normal', size='scalable')) = 10.335
12/30/2023 03:30:07 PM findfont: score(FontEntry(fname='/home/alper/.local/lib/python3.10/site-packages/matplotlib/mpl-data/fonts/ttf/cmtt10.ttf', name='cmtt10', style='normal', variant='normal', weight=400, stretch='normal', size='scalable')) = 10.05
12/30/2023 03:30:07 PM findfont: score(FontEntry(fname='/home/alper/.local/lib/python3.10/site-packages/matplotlib/mpl-data/fonts/ttf/STIXSizTwoSymReg.ttf', name='STIXSizeTwoSym', style='normal', variant='normal', weight=400, stretch='normal', size='scalable')) = 10.05
12/30/2023 03:30:07 PM findfont: score(FontEntry(fname='/home/alper/.local/lib/python3.10/site-packages/matplotlib/mpl-data/fonts/ttf/STIXSizFiveSymReg.ttf', name='STIXSizeFiveSym', style='normal', variant='normal', weight=400, stretch='normal', size='scalable')) = 10.05
12/30/2023 03:30:07 PM findfont: score(FontEntry(fname='/home/alper/.local/lib/python3.10/site-packages/matplotlib/mpl-data/fonts/ttf/DejaVuSansDisplay.ttf', name='DejaVu Sans Display', style='normal', variant='normal', weight=400, stretch='normal', size='scalable')) = 10.05
12/30/2023 03:30:07 PM findfont: score(FontEntry(fname='/home/alper/.local/lib/python3.10/site-packages/matplotlib/mpl-data/fonts/ttf/DejaVuSerif-BoldItalic.ttf', name='DejaVu Serif', style='italic', variant='normal', weight=700, stretch='normal', size='scalable')) = 11.335
12/30/2023 03:30:07 PM findfont: score(FontEntry(fname='/home/alper/.local/lib/python3.10/site-packages/matplotlib/mpl-data/fonts/ttf/STIXNonUniBolIta.ttf', name='STIXNonUnicode', style='italic', variant='normal', weight=700, stretch='normal', size='scalable')) = 11.335
12/30/2023 03:30:07 PM findfont: score(FontEntry(fname='/home/alper/.local/lib/python3.10/site-packages/matplotlib/mpl-data/fonts/ttf/DejaVuSerif-Bold.ttf', name='DejaVu Serif', style='normal', variant='normal', weight=700, stretch='normal', size='scalable')) = 10.335
12/30/2023 03:30:07 PM findfont: score(FontEntry(fname='/home/alper/.local/lib/python3.10/site-packages/matplotlib/mpl-data/fonts/ttf/STIXGeneralItalic.ttf', name='STIXGeneral', style='italic', variant='normal', weight=400, stretch='normal', size='scalable')) = 11.05
12/30/2023 03:30:07 PM findfont: score(FontEntry(fname='/home/alper/.local/lib/python3.10/site-packages/matplotlib/mpl-data/fonts/ttf/DejaVuSans-Bold.ttf', name='DejaVu Sans', style='normal', variant='normal', weight=700, stretch='normal', size='scalable')) = 0.33499999999999996
12/30/2023 03:30:07 PM findfont: score(FontEntry(fname='/home/alper/.local/lib/python3.10/site-packages/matplotlib/mpl-data/fonts/ttf/DejaVuSansMono.ttf', name='DejaVu Sans Mono', style='normal', variant='normal', weight=400, stretch='normal', size='scalable')) = 10.05
12/30/2023 03:30:07 PM findfont: score(FontEntry(fname='/home/alper/.local/lib/python3.10/site-packages/matplotlib/mpl-data/fonts/ttf/STIXSizOneSymBol.ttf', name='STIXSizeOneSym', style='normal', variant='normal', weight=700, stretch='normal', size='scalable')) = 10.335
12/30/2023 03:30:07 PM findfont: score(FontEntry(fname='/home/alper/.local/lib/python3.10/site-packages/matplotlib/mpl-data/fonts/ttf/DejaVuSerif-Italic.ttf', name='DejaVu Serif', style='italic', variant='normal', weight=400, stretch='normal', size='scalable')) = 11.05
12/30/2023 03:30:07 PM findfont: score(FontEntry(fname='/home/alper/.local/lib/python3.10/site-packages/matplotlib/mpl-data/fonts/ttf/STIXNonUniIta.ttf', name='STIXNonUnicode', style='italic', variant='normal', weight=400, stretch='normal', size='scalable')) = 11.05
12/30/2023 03:30:07 PM findfont: score(FontEntry(fname='/home/alper/.local/lib/python3.10/site-packages/matplotlib/mpl-data/fonts/ttf/STIXSizFourSymReg.ttf', name='STIXSizeFourSym', style='normal', variant='normal', weight=400, stretch='normal', size='scalable')) = 10.05
12/30/2023 03:30:07 PM findfont: score(FontEntry(fname='/home/alper/.local/lib/python3.10/site-packages/matplotlib/mpl-data/fonts/ttf/DejaVuSansMono-Bold.ttf', name='DejaVu Sans Mono', style='normal', variant='normal', weight=700, stretch='normal', size='scalable')) = 10.335
12/30/2023 03:30:07 PM findfont: score(FontEntry(fname='/home/alper/.local/lib/python3.10/site-packages/matplotlib/mpl-data/fonts/ttf/DejaVuSansMono-BoldOblique.ttf', name='DejaVu Sans Mono', style='oblique', variant='normal', weight=700, stretch='normal', size='scalable')) = 11.335
12/30/2023 03:30:07 PM findfont: score(FontEntry(fname='/home/alper/.local/lib/python3.10/site-packages/matplotlib/mpl-data/fonts/ttf/STIXSizThreeSymBol.ttf', name='STIXSizeThreeSym', style='normal', variant='normal', weight=700, stretch='normal', size='scalable')) = 10.335
12/30/2023 03:30:07 PM findfont: score(FontEntry(fname='/home/alper/.local/lib/python3.10/site-packages/matplotlib/mpl-data/fonts/ttf/cmex10.ttf', name='cmex10', style='normal', variant='normal', weight=400, stretch='normal', size='scalable')) = 10.05
12/30/2023 03:30:07 PM findfont: score(FontEntry(fname='/home/alper/.local/lib/python3.10/site-packages/matplotlib/mpl-data/fonts/ttf/STIXSizThreeSymReg.ttf', name='STIXSizeThreeSym', style='normal', variant='normal', weight=400, stretch='normal', size='scalable')) = 10.05
12/30/2023 03:30:07 PM findfont: score(FontEntry(fname='/home/alper/.local/lib/python3.10/site-packages/matplotlib/mpl-data/fonts/ttf/cmmi10.ttf', name='cmmi10', style='normal', variant='normal', weight=400, stretch='normal', size='scalable')) = 10.05
12/30/2023 03:30:07 PM findfont: score(FontEntry(fname='/home/alper/.local/lib/python3.10/site-packages/matplotlib/mpl-data/fonts/ttf/cmss10.ttf', name='cmss10', style='normal', variant='normal', weight=400, stretch='normal', size='scalable')) = 10.05
12/30/2023 03:30:07 PM findfont: score(FontEntry(fname='/home/alper/.local/lib/python3.10/site-packages/matplotlib/mpl-data/fonts/ttf/STIXGeneral.ttf', name='STIXGeneral', style='normal', variant='normal', weight=400, stretch='normal', size='scalable')) = 10.05
12/30/2023 03:30:07 PM findfont: score(FontEntry(fname='/home/alper/.local/lib/python3.10/site-packages/matplotlib/mpl-data/fonts/ttf/DejaVuSansMono-Oblique.ttf', name='DejaVu Sans Mono', style='oblique', variant='normal', weight=400, stretch='normal', size='scalable')) = 11.05
12/30/2023 03:30:07 PM findfont: score(FontEntry(fname='/home/alper/.local/lib/python3.10/site-packages/matplotlib/mpl-data/fonts/ttf/DejaVuSans-Oblique.ttf', name='DejaVu Sans', style='oblique', variant='normal', weight=400, stretch='normal', size='scalable')) = 1.05
12/30/2023 03:30:07 PM findfont: score(FontEntry(fname='/home/alper/.local/lib/python3.10/site-packages/matplotlib/mpl-data/fonts/ttf/STIXNonUni.ttf', name='STIXNonUnicode', style='normal', variant='normal', weight=400, stretch='normal', size='scalable')) = 10.05
12/30/2023 03:30:07 PM findfont: score(FontEntry(fname='/home/alper/.local/lib/python3.10/site-packages/matplotlib/mpl-data/fonts/ttf/STIXNonUniBol.ttf', name='STIXNonUnicode', style='normal', variant='normal', weight=700, stretch='normal', size='scalable')) = 10.335
12/30/2023 03:30:07 PM findfont: score(FontEntry(fname='/home/alper/.local/lib/python3.10/site-packages/matplotlib/mpl-data/fonts/ttf/cmsy10.ttf', name='cmsy10', style='normal', variant='normal', weight=400, stretch='normal', size='scalable')) = 10.05
12/30/2023 03:30:07 PM findfont: score(FontEntry(fname='/home/alper/.local/lib/python3.10/site-packages/matplotlib/mpl-data/fonts/ttf/STIXSizOneSymReg.ttf', name='STIXSizeOneSym', style='normal', variant='normal', weight=400, stretch='normal', size='scalable')) = 10.05
12/30/2023 03:30:07 PM findfont: score(FontEntry(fname='/home/alper/.local/lib/python3.10/site-packages/matplotlib/mpl-data/fonts/ttf/DejaVuSerif.ttf', name='DejaVu Serif', style='normal', variant='normal', weight=400, stretch='normal', size='scalable')) = 10.05
12/30/2023 03:30:07 PM findfont: score(FontEntry(fname='/home/alper/.local/lib/python3.10/site-packages/matplotlib/mpl-data/fonts/ttf/DejaVuSans-BoldOblique.ttf', name='DejaVu Sans', style='oblique', variant='normal', weight=700, stretch='normal', size='scalable')) = 1.335
12/30/2023 03:30:07 PM findfont: score(FontEntry(fname='/home/alper/.local/lib/python3.10/site-packages/matplotlib/mpl-data/fonts/ttf/STIXSizTwoSymBol.ttf', name='STIXSizeTwoSym', style='normal', variant='normal', weight=700, stretch='normal', size='scalable')) = 10.335
12/30/2023 03:30:07 PM findfont: score(FontEntry(fname='/home/alper/.local/lib/python3.10/site-packages/matplotlib/mpl-data/fonts/ttf/DejaVuSans.ttf', name='DejaVu Sans', style='normal', variant='normal', weight=400, stretch='normal', size='scalable')) = 0.05
12/30/2023 03:30:07 PM findfont: score(FontEntry(fname='/home/alper/.local/lib/python3.10/site-packages/matplotlib/mpl-data/fonts/ttf/cmr10.ttf', name='cmr10', style='normal', variant='normal', weight=400, stretch='normal', size='scalable')) = 10.05
12/30/2023 03:30:07 PM findfont: score(FontEntry(fname='/usr/share/fonts/truetype/dejavu/DejaVuSans.ttf', name='DejaVu Sans', style='normal', variant='normal', weight=400, stretch='normal', size='scalable')) = 0.05
12/30/2023 03:30:07 PM findfont: score(FontEntry(fname='/usr/share/fonts/truetype/ubuntu/Ubuntu-RI.ttf', name='Ubuntu', style='italic', variant='normal', weight=400, stretch='normal', size='scalable')) = 11.05
12/30/2023 03:30:07 PM findfont: score(FontEntry(fname='/usr/share/fonts/truetype/dejavu/DejaVuSansMono-Bold.ttf', name='DejaVu Sans Mono', style='normal', variant='normal', weight=700, stretch='normal', size='scalable')) = 10.335
12/30/2023 03:30:07 PM findfont: score(FontEntry(fname='/usr/share/fonts/truetype/ubuntu/Ubuntu-LI.ttf', name='Ubuntu', style='italic', variant='normal', weight=300, stretch='normal', size='scalable')) = 11.145
12/30/2023 03:30:07 PM findfont: score(FontEntry(fname='/usr/share/fonts/truetype/ubuntu/UbuntuMono-RI.ttf', name='Ubuntu Mono', style='italic', variant='normal', weight=400, stretch='normal', size='scalable')) = 11.05
12/30/2023 03:30:07 PM findfont: score(FontEntry(fname='/usr/share/fonts/truetype/ubuntu/Ubuntu-R.ttf', name='Ubuntu', style='normal', variant='normal', weight=400, stretch='normal', size='scalable')) = 10.05
12/30/2023 03:30:07 PM findfont: score(FontEntry(fname='/usr/share/fonts/truetype/dejavu/DejaVuSans-Bold.ttf', name='DejaVu Sans', style='normal', variant='normal', weight=700, stretch='normal', size='scalable')) = 0.33499999999999996
12/30/2023 03:30:07 PM findfont: score(FontEntry(fname='/usr/share/fonts/truetype/ubuntu/UbuntuMono-R.ttf', name='Ubuntu Mono', style='normal', variant='normal', weight=400, stretch='normal', size='scalable')) = 10.05
12/30/2023 03:30:07 PM findfont: score(FontEntry(fname='/usr/share/fonts/truetype/ubuntu/UbuntuMono-B.ttf', name='Ubuntu Mono', style='normal', variant='normal', weight=700, stretch='normal', size='scalable')) = 10.335
12/30/2023 03:30:07 PM findfont: score(FontEntry(fname='/usr/share/fonts/truetype/ubuntu/Ubuntu-M.ttf', name='Ubuntu', style='normal', variant='normal', weight=500, stretch='normal', size='scalable')) = 10.145
12/30/2023 03:30:07 PM findfont: score(FontEntry(fname='/usr/share/fonts/truetype/dejavu/DejaVuSerif.ttf', name='DejaVu Serif', style='normal', variant='normal', weight=400, stretch='normal', size='scalable')) = 10.05
12/30/2023 03:30:07 PM findfont: score(FontEntry(fname='/usr/share/fonts/truetype/ubuntu/Ubuntu-Th.ttf', name='Ubuntu', style='normal', variant='normal', weight=250, stretch='normal', size='scalable')) = 10.1925
12/30/2023 03:30:07 PM findfont: score(FontEntry(fname='/usr/share/fonts/truetype/dejavu/DejaVuSansMono.ttf', name='DejaVu Sans Mono', style='normal', variant='normal', weight=400, stretch='normal', size='scalable')) = 10.05
12/30/2023 03:30:07 PM findfont: score(FontEntry(fname='/usr/share/fonts/truetype/ubuntu/Ubuntu-L.ttf', name='Ubuntu', style='normal', variant='normal', weight=300, stretch='normal', size='scalable')) = 10.145
12/30/2023 03:30:07 PM findfont: score(FontEntry(fname='/usr/share/fonts/truetype/dejavu/DejaVuSerif-Bold.ttf', name='DejaVu Serif', style='normal', variant='normal', weight=700, stretch='normal', size='scalable')) = 10.335
12/30/2023 03:30:07 PM findfont: score(FontEntry(fname='/usr/share/fonts/truetype/ubuntu/Ubuntu-C.ttf', name='Ubuntu Condensed', style='normal', variant='normal', weight=400, stretch='condensed', size='scalable')) = 10.25
12/30/2023 03:30:07 PM findfont: score(FontEntry(fname='/usr/share/fonts/truetype/ubuntu/UbuntuMono-BI.ttf', name='Ubuntu Mono', style='italic', variant='normal', weight=700, stretch='normal', size='scalable')) = 11.335
12/30/2023 03:30:07 PM findfont: score(FontEntry(fname='/usr/share/fonts/truetype/ubuntu/Ubuntu-B.ttf', name='Ubuntu', style='normal', variant='normal', weight=700, stretch='normal', size='scalable')) = 10.335
12/30/2023 03:30:07 PM findfont: score(FontEntry(fname='/usr/share/fonts/truetype/ubuntu/Ubuntu-BI.ttf', name='Ubuntu', style='italic', variant='normal', weight=700, stretch='normal', size='scalable')) = 11.335
12/30/2023 03:30:07 PM findfont: score(FontEntry(fname='/usr/share/fonts/truetype/ubuntu/Ubuntu-MI.ttf', name='Ubuntu', style='italic', variant='normal', weight=500, stretch='normal', size='scalable')) = 11.145
12/30/2023 03:30:07 PM findfont: Matching sans\-serif:style=normal:variant=normal:weight=normal:stretch=normal:size=10.0 to DejaVu Sans ('/home/alper/.local/lib/python3.10/site-packages/matplotlib/mpl-data/fonts/ttf/DejaVuSans.ttf') with score of 0.050000.
12/30/2023 03:30:07 PM Using categorical units to plot a list of strings that are all parsable as floats or dates. If these strings should be plotted as numbers, cast to the appropriate data type before plotting.
12/30/2023 03:30:07 PM Using categorical units to plot a list of strings that are all parsable as floats or dates. If these strings should be plotted as numbers, cast to the appropriate data type before plotting.
12/30/2023 03:30:07 PM findfont: Matching sans\-serif:style=normal:variant=normal:weight=normal:stretch=normal:size=12.0.
12/30/2023 03:30:07 PM findfont: score(FontEntry(fname='/home/alper/.local/lib/python3.10/site-packages/matplotlib/mpl-data/fonts/ttf/DejaVuSerifDisplay.ttf', name='DejaVu Serif Display', style='normal', variant='normal', weight=400, stretch='normal', size='scalable')) = 10.05
12/30/2023 03:30:07 PM findfont: score(FontEntry(fname='/home/alper/.local/lib/python3.10/site-packages/matplotlib/mpl-data/fonts/ttf/STIXSizFourSymBol.ttf', name='STIXSizeFourSym', style='normal', variant='normal', weight=700, stretch='normal', size='scalable')) = 10.335
12/30/2023 03:30:07 PM findfont: score(FontEntry(fname='/home/alper/.local/lib/python3.10/site-packages/matplotlib/mpl-data/fonts/ttf/STIXGeneralBolIta.ttf', name='STIXGeneral', style='italic', variant='normal', weight=700, stretch='normal', size='scalable')) = 11.335
12/30/2023 03:30:07 PM findfont: score(FontEntry(fname='/home/alper/.local/lib/python3.10/site-packages/matplotlib/mpl-data/fonts/ttf/cmb10.ttf', name='cmb10', style='normal', variant='normal', weight=400, stretch='normal', size='scalable')) = 10.05
12/30/2023 03:30:07 PM findfont: score(FontEntry(fname='/home/alper/.local/lib/python3.10/site-packages/matplotlib/mpl-data/fonts/ttf/STIXGeneralBol.ttf', name='STIXGeneral', style='normal', variant='normal', weight=700, stretch='normal', size='scalable')) = 10.335
12/30/2023 03:30:07 PM findfont: score(FontEntry(fname='/home/alper/.local/lib/python3.10/site-packages/matplotlib/mpl-data/fonts/ttf/cmtt10.ttf', name='cmtt10', style='normal', variant='normal', weight=400, stretch='normal', size='scalable')) = 10.05
12/30/2023 03:30:07 PM findfont: score(FontEntry(fname='/home/alper/.local/lib/python3.10/site-packages/matplotlib/mpl-data/fonts/ttf/STIXSizTwoSymReg.ttf', name='STIXSizeTwoSym', style='normal', variant='normal', weight=400, stretch='normal', size='scalable')) = 10.05
12/30/2023 03:30:07 PM findfont: score(FontEntry(fname='/home/alper/.local/lib/python3.10/site-packages/matplotlib/mpl-data/fonts/ttf/STIXSizFiveSymReg.ttf', name='STIXSizeFiveSym', style='normal', variant='normal', weight=400, stretch='normal', size='scalable')) = 10.05
12/30/2023 03:30:07 PM findfont: score(FontEntry(fname='/home/alper/.local/lib/python3.10/site-packages/matplotlib/mpl-data/fonts/ttf/DejaVuSansDisplay.ttf', name='DejaVu Sans Display', style='normal', variant='normal', weight=400, stretch='normal', size='scalable')) = 10.05
12/30/2023 03:30:07 PM findfont: score(FontEntry(fname='/home/alper/.local/lib/python3.10/site-packages/matplotlib/mpl-data/fonts/ttf/DejaVuSerif-BoldItalic.ttf', name='DejaVu Serif', style='italic', variant='normal', weight=700, stretch='normal', size='scalable')) = 11.335
12/30/2023 03:30:07 PM findfont: score(FontEntry(fname='/home/alper/.local/lib/python3.10/site-packages/matplotlib/mpl-data/fonts/ttf/STIXNonUniBolIta.ttf', name='STIXNonUnicode', style='italic', variant='normal', weight=700, stretch='normal', size='scalable')) = 11.335
12/30/2023 03:30:07 PM findfont: score(FontEntry(fname='/home/alper/.local/lib/python3.10/site-packages/matplotlib/mpl-data/fonts/ttf/DejaVuSerif-Bold.ttf', name='DejaVu Serif', style='normal', variant='normal', weight=700, stretch='normal', size='scalable')) = 10.335
12/30/2023 03:30:07 PM findfont: score(FontEntry(fname='/home/alper/.local/lib/python3.10/site-packages/matplotlib/mpl-data/fonts/ttf/STIXGeneralItalic.ttf', name='STIXGeneral', style='italic', variant='normal', weight=400, stretch='normal', size='scalable')) = 11.05
12/30/2023 03:30:07 PM findfont: score(FontEntry(fname='/home/alper/.local/lib/python3.10/site-packages/matplotlib/mpl-data/fonts/ttf/DejaVuSans-Bold.ttf', name='DejaVu Sans', style='normal', variant='normal', weight=700, stretch='normal', size='scalable')) = 0.33499999999999996
12/30/2023 03:30:07 PM findfont: score(FontEntry(fname='/home/alper/.local/lib/python3.10/site-packages/matplotlib/mpl-data/fonts/ttf/DejaVuSansMono.ttf', name='DejaVu Sans Mono', style='normal', variant='normal', weight=400, stretch='normal', size='scalable')) = 10.05
12/30/2023 03:30:07 PM findfont: score(FontEntry(fname='/home/alper/.local/lib/python3.10/site-packages/matplotlib/mpl-data/fonts/ttf/STIXSizOneSymBol.ttf', name='STIXSizeOneSym', style='normal', variant='normal', weight=700, stretch='normal', size='scalable')) = 10.335
12/30/2023 03:30:07 PM findfont: score(FontEntry(fname='/home/alper/.local/lib/python3.10/site-packages/matplotlib/mpl-data/fonts/ttf/DejaVuSerif-Italic.ttf', name='DejaVu Serif', style='italic', variant='normal', weight=400, stretch='normal', size='scalable')) = 11.05
12/30/2023 03:30:07 PM findfont: score(FontEntry(fname='/home/alper/.local/lib/python3.10/site-packages/matplotlib/mpl-data/fonts/ttf/STIXNonUniIta.ttf', name='STIXNonUnicode', style='italic', variant='normal', weight=400, stretch='normal', size='scalable')) = 11.05
12/30/2023 03:30:07 PM findfont: score(FontEntry(fname='/home/alper/.local/lib/python3.10/site-packages/matplotlib/mpl-data/fonts/ttf/STIXSizFourSymReg.ttf', name='STIXSizeFourSym', style='normal', variant='normal', weight=400, stretch='normal', size='scalable')) = 10.05
12/30/2023 03:30:07 PM findfont: score(FontEntry(fname='/home/alper/.local/lib/python3.10/site-packages/matplotlib/mpl-data/fonts/ttf/DejaVuSansMono-Bold.ttf', name='DejaVu Sans Mono', style='normal', variant='normal', weight=700, stretch='normal', size='scalable')) = 10.335
12/30/2023 03:30:07 PM findfont: score(FontEntry(fname='/home/alper/.local/lib/python3.10/site-packages/matplotlib/mpl-data/fonts/ttf/DejaVuSansMono-BoldOblique.ttf', name='DejaVu Sans Mono', style='oblique', variant='normal', weight=700, stretch='normal', size='scalable')) = 11.335
12/30/2023 03:30:07 PM findfont: score(FontEntry(fname='/home/alper/.local/lib/python3.10/site-packages/matplotlib/mpl-data/fonts/ttf/STIXSizThreeSymBol.ttf', name='STIXSizeThreeSym', style='normal', variant='normal', weight=700, stretch='normal', size='scalable')) = 10.335
12/30/2023 03:30:07 PM findfont: score(FontEntry(fname='/home/alper/.local/lib/python3.10/site-packages/matplotlib/mpl-data/fonts/ttf/cmex10.ttf', name='cmex10', style='normal', variant='normal', weight=400, stretch='normal', size='scalable')) = 10.05
12/30/2023 03:30:07 PM findfont: score(FontEntry(fname='/home/alper/.local/lib/python3.10/site-packages/matplotlib/mpl-data/fonts/ttf/STIXSizThreeSymReg.ttf', name='STIXSizeThreeSym', style='normal', variant='normal', weight=400, stretch='normal', size='scalable')) = 10.05
12/30/2023 03:30:07 PM findfont: score(FontEntry(fname='/home/alper/.local/lib/python3.10/site-packages/matplotlib/mpl-data/fonts/ttf/cmmi10.ttf', name='cmmi10', style='normal', variant='normal', weight=400, stretch='normal', size='scalable')) = 10.05
12/30/2023 03:30:07 PM findfont: score(FontEntry(fname='/home/alper/.local/lib/python3.10/site-packages/matplotlib/mpl-data/fonts/ttf/cmss10.ttf', name='cmss10', style='normal', variant='normal', weight=400, stretch='normal', size='scalable')) = 10.05
12/30/2023 03:30:07 PM findfont: score(FontEntry(fname='/home/alper/.local/lib/python3.10/site-packages/matplotlib/mpl-data/fonts/ttf/STIXGeneral.ttf', name='STIXGeneral', style='normal', variant='normal', weight=400, stretch='normal', size='scalable')) = 10.05
12/30/2023 03:30:07 PM findfont: score(FontEntry(fname='/home/alper/.local/lib/python3.10/site-packages/matplotlib/mpl-data/fonts/ttf/DejaVuSansMono-Oblique.ttf', name='DejaVu Sans Mono', style='oblique', variant='normal', weight=400, stretch='normal', size='scalable')) = 11.05
12/30/2023 03:30:07 PM findfont: score(FontEntry(fname='/home/alper/.local/lib/python3.10/site-packages/matplotlib/mpl-data/fonts/ttf/DejaVuSans-Oblique.ttf', name='DejaVu Sans', style='oblique', variant='normal', weight=400, stretch='normal', size='scalable')) = 1.05
12/30/2023 03:30:07 PM findfont: score(FontEntry(fname='/home/alper/.local/lib/python3.10/site-packages/matplotlib/mpl-data/fonts/ttf/STIXNonUni.ttf', name='STIXNonUnicode', style='normal', variant='normal', weight=400, stretch='normal', size='scalable')) = 10.05
12/30/2023 03:30:07 PM findfont: score(FontEntry(fname='/home/alper/.local/lib/python3.10/site-packages/matplotlib/mpl-data/fonts/ttf/STIXNonUniBol.ttf', name='STIXNonUnicode', style='normal', variant='normal', weight=700, stretch='normal', size='scalable')) = 10.335
12/30/2023 03:30:07 PM findfont: score(FontEntry(fname='/home/alper/.local/lib/python3.10/site-packages/matplotlib/mpl-data/fonts/ttf/cmsy10.ttf', name='cmsy10', style='normal', variant='normal', weight=400, stretch='normal', size='scalable')) = 10.05
12/30/2023 03:30:07 PM findfont: score(FontEntry(fname='/home/alper/.local/lib/python3.10/site-packages/matplotlib/mpl-data/fonts/ttf/STIXSizOneSymReg.ttf', name='STIXSizeOneSym', style='normal', variant='normal', weight=400, stretch='normal', size='scalable')) = 10.05
12/30/2023 03:30:07 PM findfont: score(FontEntry(fname='/home/alper/.local/lib/python3.10/site-packages/matplotlib/mpl-data/fonts/ttf/DejaVuSerif.ttf', name='DejaVu Serif', style='normal', variant='normal', weight=400, stretch='normal', size='scalable')) = 10.05
12/30/2023 03:30:07 PM findfont: score(FontEntry(fname='/home/alper/.local/lib/python3.10/site-packages/matplotlib/mpl-data/fonts/ttf/DejaVuSans-BoldOblique.ttf', name='DejaVu Sans', style='oblique', variant='normal', weight=700, stretch='normal', size='scalable')) = 1.335
12/30/2023 03:30:07 PM findfont: score(FontEntry(fname='/home/alper/.local/lib/python3.10/site-packages/matplotlib/mpl-data/fonts/ttf/STIXSizTwoSymBol.ttf', name='STIXSizeTwoSym', style='normal', variant='normal', weight=700, stretch='normal', size='scalable')) = 10.335
12/30/2023 03:30:07 PM findfont: score(FontEntry(fname='/home/alper/.local/lib/python3.10/site-packages/matplotlib/mpl-data/fonts/ttf/DejaVuSans.ttf', name='DejaVu Sans', style='normal', variant='normal', weight=400, stretch='normal', size='scalable')) = 0.05
12/30/2023 03:30:07 PM findfont: score(FontEntry(fname='/home/alper/.local/lib/python3.10/site-packages/matplotlib/mpl-data/fonts/ttf/cmr10.ttf', name='cmr10', style='normal', variant='normal', weight=400, stretch='normal', size='scalable')) = 10.05
12/30/2023 03:30:07 PM findfont: score(FontEntry(fname='/usr/share/fonts/truetype/dejavu/DejaVuSans.ttf', name='DejaVu Sans', style='normal', variant='normal', weight=400, stretch='normal', size='scalable')) = 0.05
12/30/2023 03:30:07 PM findfont: score(FontEntry(fname='/usr/share/fonts/truetype/ubuntu/Ubuntu-RI.ttf', name='Ubuntu', style='italic', variant='normal', weight=400, stretch='normal', size='scalable')) = 11.05
12/30/2023 03:30:07 PM findfont: score(FontEntry(fname='/usr/share/fonts/truetype/dejavu/DejaVuSansMono-Bold.ttf', name='DejaVu Sans Mono', style='normal', variant='normal', weight=700, stretch='normal', size='scalable')) = 10.335
12/30/2023 03:30:07 PM findfont: score(FontEntry(fname='/usr/share/fonts/truetype/ubuntu/Ubuntu-LI.ttf', name='Ubuntu', style='italic', variant='normal', weight=300, stretch='normal', size='scalable')) = 11.145
12/30/2023 03:30:07 PM findfont: score(FontEntry(fname='/usr/share/fonts/truetype/ubuntu/UbuntuMono-RI.ttf', name='Ubuntu Mono', style='italic', variant='normal', weight=400, stretch='normal', size='scalable')) = 11.05
12/30/2023 03:30:07 PM findfont: score(FontEntry(fname='/usr/share/fonts/truetype/ubuntu/Ubuntu-R.ttf', name='Ubuntu', style='normal', variant='normal', weight=400, stretch='normal', size='scalable')) = 10.05
12/30/2023 03:30:07 PM findfont: score(FontEntry(fname='/usr/share/fonts/truetype/dejavu/DejaVuSans-Bold.ttf', name='DejaVu Sans', style='normal', variant='normal', weight=700, stretch='normal', size='scalable')) = 0.33499999999999996
12/30/2023 03:30:07 PM findfont: score(FontEntry(fname='/usr/share/fonts/truetype/ubuntu/UbuntuMono-R.ttf', name='Ubuntu Mono', style='normal', variant='normal', weight=400, stretch='normal', size='scalable')) = 10.05
12/30/2023 03:30:07 PM findfont: score(FontEntry(fname='/usr/share/fonts/truetype/ubuntu/UbuntuMono-B.ttf', name='Ubuntu Mono', style='normal', variant='normal', weight=700, stretch='normal', size='scalable')) = 10.335
12/30/2023 03:30:07 PM findfont: score(FontEntry(fname='/usr/share/fonts/truetype/ubuntu/Ubuntu-M.ttf', name='Ubuntu', style='normal', variant='normal', weight=500, stretch='normal', size='scalable')) = 10.145
12/30/2023 03:30:07 PM findfont: score(FontEntry(fname='/usr/share/fonts/truetype/dejavu/DejaVuSerif.ttf', name='DejaVu Serif', style='normal', variant='normal', weight=400, stretch='normal', size='scalable')) = 10.05
12/30/2023 03:30:07 PM findfont: score(FontEntry(fname='/usr/share/fonts/truetype/ubuntu/Ubuntu-Th.ttf', name='Ubuntu', style='normal', variant='normal', weight=250, stretch='normal', size='scalable')) = 10.1925
12/30/2023 03:30:07 PM findfont: score(FontEntry(fname='/usr/share/fonts/truetype/dejavu/DejaVuSansMono.ttf', name='DejaVu Sans Mono', style='normal', variant='normal', weight=400, stretch='normal', size='scalable')) = 10.05
12/30/2023 03:30:07 PM findfont: score(FontEntry(fname='/usr/share/fonts/truetype/ubuntu/Ubuntu-L.ttf', name='Ubuntu', style='normal', variant='normal', weight=300, stretch='normal', size='scalable')) = 10.145
12/30/2023 03:30:07 PM findfont: score(FontEntry(fname='/usr/share/fonts/truetype/dejavu/DejaVuSerif-Bold.ttf', name='DejaVu Serif', style='normal', variant='normal', weight=700, stretch='normal', size='scalable')) = 10.335
12/30/2023 03:30:07 PM findfont: score(FontEntry(fname='/usr/share/fonts/truetype/ubuntu/Ubuntu-C.ttf', name='Ubuntu Condensed', style='normal', variant='normal', weight=400, stretch='condensed', size='scalable')) = 10.25
12/30/2023 03:30:07 PM findfont: score(FontEntry(fname='/usr/share/fonts/truetype/ubuntu/UbuntuMono-BI.ttf', name='Ubuntu Mono', style='italic', variant='normal', weight=700, stretch='normal', size='scalable')) = 11.335
12/30/2023 03:30:07 PM findfont: score(FontEntry(fname='/usr/share/fonts/truetype/ubuntu/Ubuntu-B.ttf', name='Ubuntu', style='normal', variant='normal', weight=700, stretch='normal', size='scalable')) = 10.335
12/30/2023 03:30:07 PM findfont: score(FontEntry(fname='/usr/share/fonts/truetype/ubuntu/Ubuntu-BI.ttf', name='Ubuntu', style='italic', variant='normal', weight=700, stretch='normal', size='scalable')) = 11.335
12/30/2023 03:30:07 PM findfont: score(FontEntry(fname='/usr/share/fonts/truetype/ubuntu/Ubuntu-MI.ttf', name='Ubuntu', style='italic', variant='normal', weight=500, stretch='normal', size='scalable')) = 11.145
12/30/2023 03:30:07 PM findfont: Matching sans\-serif:style=normal:variant=normal:weight=normal:stretch=normal:size=12.0 to DejaVu Sans ('/home/alper/.local/lib/python3.10/site-packages/matplotlib/mpl-data/fonts/ttf/DejaVuSans.ttf') with score of 0.050000.
12/30/2023 03:30:25 PM En çok geçen 15 tarih grafiği oluşturuldu.
12/30/2023 03:30:25 PM Using categorical units to plot a list of strings that are all parsable as floats or dates. If these strings should be plotted as numbers, cast to the appropriate data type before plotting.
12/30/2023 03:30:25 PM Using categorical units to plot a list of strings that are all parsable as floats or dates. If these strings should be plotted as numbers, cast to the appropriate data type before plotting.
12/30/2023 03:30:29 PM En çok geçen 15 tür grafiği oluşturuldu.
12/30/2023 03:30:36 PM En çok geçen 15 senarist grafiği oluşturuldu.
12/30/2023 03:30:42 PM En çok geçen 15 yönetmen grafiği oluşturuldu.
12/30/2023 03:30:48 PM En çok geçen 15 başrol grafiği oluşturuldu.
12/30/2023 03:30:54 PM En çok geçen 15 besteci grafiği oluşturuldu.
12/30/2023 03:31:00 PM En çok geçen 15 yapımcı grafiği oluşturuldu.
12/30/2023 03:31:06 PM En çok geçen 15 mekan grafiği oluşturuldu.
12/30/2023 03:31:14 PM En çok geçen 15 görüntü yönetmeni grafiği oluşturuldu.
12/30/2023 03:31:27 PM En çok geçen 15 yapım şirketi grafiği oluşturuldu.
12/30/2023 03:31:34 PM En çok geçen 15 kanal grafiği oluşturuldu.
12/30/2023 03:31:40 PM En çok geçen 15 platform grafiği oluşturuldu.
12/30/2023 03:31:47 PM En çok geçen 15 ses formatı grafiği oluşturuldu.
12/30/2023 03:32:15 PM Dizi adında en çok geçen 50 tür grafiği oluşturuldu.
12/30/2023 03:32:48 PM Dizi adında en çok geçen 50 tür kelime bulutu grafiği oluşturuldu.
12/30/2023 03:33:45 PM Mekanların koordinatları veri seti oluşturuldu.
12/30/2023 03:34:03 PM Mekanların koordinatları veri seti kaydedildi.
12/30/2023 03:34:19 PM Mekanların konumları harita üzerinde gösterildi.
12/30/2023 03:34:33 PM Mekanların koordinatları ısı haritası üzerinde gösterildi.
12/30/2023 03:35:01 PM Türkiyedeki televizyon kanalları listesi wikipediadan çekildi.
12/30/2023 03:35:13 PM Çekilen kanallar veri seti oluşturuldu.
12/30/2023 03:35:31 PM Kanallar veri seti kaydedildi.
12/30/2023 03:36:03 PM Yayın yapanların ücretli/ücretsiz oranını gösteren grafik oluşturuldu.
12/30/2023 03:37:01 PM Türk kadın dizi oyuncuları listesi wikipediaden çekildi.
12/30/2023 03:37:06 PM Türk erkek dizi oyuncuları listesi wikipediaden çekildi.
12/30/2023 03:37:16 PM Türk dizi oyuncuları veri seti oluşturuldu.
12/30/2023 03:37:34 PM Türk dizi oyuncuları veri seti kaydedildi.
12/30/2023 03:38:16 PM Türk kadın-erkek dizi oyuncuları oranı grafiği oluşturuldu.
12/30/2023 03:40:27 PM Altın kelebek ödüllü diziler listesi wikipediaden çekildi.
12/30/2023 03:40:49 PM Altın kelebek ödüllü diziler tablosu oluşturuldu.
12/30/2023 03:41:13 PM Altın kelebek ödüllü diziler tablosu yıl sütunu temizlendi.
12/30/2023 03:41:31 PM Altın kelebek ödüllü diziler tablosu yıla göre sıralandı.
12/30/2023 03:41:45 PM Altın kelebek ödüllü diziler tablosu kaydedildi.
12/30/2023 03:42:16 PM Altın kelebek ödüllü oyuncular wikipediadan çekildi.
12/30/2023 03:42:33 PM Altın kelebek ödüllü oyuncular veri seti oluşturuldu.
12/30/2023 03:42:49 PM Altın kelebek ödüllü oyuncular veri seti yıl sütunu temizlendi.
12/30/2023 03:43:03 PM Altın kelebek ödüllü oyuncular yıla göre sıralandı.
12/30/2023 03:43:39 PM Altın kelebek ödüllü oyuncular veri seti kaydedildi.
12/30/2023 03:44:11 PM Altın kelebek ödüllü oyuncular yıla göre sıralandı.
12/30/2023 03:44:14 PM Altın kelebek ödüllü oyuncular veri seti oluşturuldu.
12/30/2023 03:44:17 PM Altın kelebek ödüllü oyuncular veri seti yıl sütunu temizlendi.
12/30/2023 03:44:20 PM Altın kelebek ödüllü oyuncular yıla göre sıralandı.
12/30/2023 03:44:20 PM Altın kelebek ödüllü oyuncular veri seti kaydedildi.
12/30/2023 03:44:42 PM Altın kelebek ödüllü oyuncular veri seti oluşturuldu.
12/30/2023 03:44:42 PM Altın kelebek ödüllü oyuncular veri seti yıl sütunu temizlendi.
12/30/2023 03:44:51 PM Altın kelebek ödüllü oyuncular veri seti oluşturuldu.
12/30/2023 03:44:52 PM Altın kelebek ödüllü oyuncular veri seti yıl sütunu temizlendi.
12/30/2023 03:44:53 PM Altın kelebek ödüllü oyuncular yıla göre sıralandı.
12/30/2023 03:44:54 PM Altın kelebek ödüllü oyuncular veri seti kaydedildi.
12/30/2023 03:45:31 PM Altın kelebek ödüllü oyuncular veri seti oluşturuldu.
12/30/2023 03:45:35 PM Altın kelebek ödüllü oyuncular veri seti yıl sütunu temizlendi.
12/30/2023 03:45:43 PM Altın kelebek ödüllü oyuncular yıla göre sıralandı.
12/30/2023 03:47:14 PM Altın kelebek ödüllü oyuncular veri seti kaydedildi.
12/30/2023 03:47:44 PM Altın kelebek ödüllü yönetmenler wikipediadan çekildi.
12/30/2023 03:47:54 PM Altın kelebek ödüllü yönetmenler veri seti oluşturuldu.
12/30/2023 03:48:01 PM Altın kelebek ödüllü yönetmenler veri seti kaydedildi.
12/30/2023 03:48:19 PM Altın kelebek ödüllü senaristler veri seti wikipediadan çekildi.
12/30/2023 03:48:33 PM Altın kelebek ödüllü senaristler veri seti oluşturuldu.
12/30/2023 03:48:52 PM Altın kelebek ödüllü senaristler veri seti yıl sütunu temizlendi.
12/30/2023 03:49:15 PM Altın kelebek ödüllü senaristler veri seti yıla göre sıralandı.
12/30/2023 03:49:27 PM Altın kelebek ödüllü senaristler veri seti kaydedildi.
12/30/2023 04:12:59 PM Temizlenmiş veri seti yüklendi.
12/30/2023 04:13:01 PM Veri setindeki türler ve adetleri bulundu.
12/30/2023 04:13:01 PM En çok geçen 15 tarih grafiği oluşturuldu.
12/30/2023 04:13:01 PM Loaded backend module://matplotlib_inline.backend_inline version unknown.
12/30/2023 04:13:01 PM Loaded backend module://matplotlib_inline.backend_inline version unknown.
12/30/2023 04:13:01 PM findfont: Matching sans\-serif:style=normal:variant=normal:weight=normal:stretch=normal:size=10.0.
12/30/2023 04:13:01 PM findfont: score(FontEntry(fname='/home/alper/.local/lib/python3.10/site-packages/matplotlib/mpl-data/fonts/ttf/DejaVuSerifDisplay.ttf', name='DejaVu Serif Display', style='normal', variant='normal', weight=400, stretch='normal', size='scalable')) = 10.05
12/30/2023 04:13:01 PM findfont: score(FontEntry(fname='/home/alper/.local/lib/python3.10/site-packages/matplotlib/mpl-data/fonts/ttf/STIXSizFourSymBol.ttf', name='STIXSizeFourSym', style='normal', variant='normal', weight=700, stretch='normal', size='scalable')) = 10.335
12/30/2023 04:13:01 PM findfont: score(FontEntry(fname='/home/alper/.local/lib/python3.10/site-packages/matplotlib/mpl-data/fonts/ttf/STIXGeneralBolIta.ttf', name='STIXGeneral', style='italic', variant='normal', weight=700, stretch='normal', size='scalable')) = 11.335
12/30/2023 04:13:01 PM findfont: score(FontEntry(fname='/home/alper/.local/lib/python3.10/site-packages/matplotlib/mpl-data/fonts/ttf/cmb10.ttf', name='cmb10', style='normal', variant='normal', weight=400, stretch='normal', size='scalable')) = 10.05
12/30/2023 04:13:01 PM findfont: score(FontEntry(fname='/home/alper/.local/lib/python3.10/site-packages/matplotlib/mpl-data/fonts/ttf/STIXGeneralBol.ttf', name='STIXGeneral', style='normal', variant='normal', weight=700, stretch='normal', size='scalable')) = 10.335
12/30/2023 04:13:01 PM findfont: score(FontEntry(fname='/home/alper/.local/lib/python3.10/site-packages/matplotlib/mpl-data/fonts/ttf/cmtt10.ttf', name='cmtt10', style='normal', variant='normal', weight=400, stretch='normal', size='scalable')) = 10.05
12/30/2023 04:13:01 PM findfont: score(FontEntry(fname='/home/alper/.local/lib/python3.10/site-packages/matplotlib/mpl-data/fonts/ttf/STIXSizTwoSymReg.ttf', name='STIXSizeTwoSym', style='normal', variant='normal', weight=400, stretch='normal', size='scalable')) = 10.05
12/30/2023 04:13:01 PM findfont: score(FontEntry(fname='/home/alper/.local/lib/python3.10/site-packages/matplotlib/mpl-data/fonts/ttf/STIXSizFiveSymReg.ttf', name='STIXSizeFiveSym', style='normal', variant='normal', weight=400, stretch='normal', size='scalable')) = 10.05
12/30/2023 04:13:01 PM findfont: score(FontEntry(fname='/home/alper/.local/lib/python3.10/site-packages/matplotlib/mpl-data/fonts/ttf/DejaVuSansDisplay.ttf', name='DejaVu Sans Display', style='normal', variant='normal', weight=400, stretch='normal', size='scalable')) = 10.05
12/30/2023 04:13:01 PM findfont: score(FontEntry(fname='/home/alper/.local/lib/python3.10/site-packages/matplotlib/mpl-data/fonts/ttf/DejaVuSerif-BoldItalic.ttf', name='DejaVu Serif', style='italic', variant='normal', weight=700, stretch='normal', size='scalable')) = 11.335
12/30/2023 04:13:01 PM findfont: score(FontEntry(fname='/home/alper/.local/lib/python3.10/site-packages/matplotlib/mpl-data/fonts/ttf/STIXNonUniBolIta.ttf', name='STIXNonUnicode', style='italic', variant='normal', weight=700, stretch='normal', size='scalable')) = 11.335
12/30/2023 04:13:01 PM findfont: score(FontEntry(fname='/home/alper/.local/lib/python3.10/site-packages/matplotlib/mpl-data/fonts/ttf/DejaVuSerif-Bold.ttf', name='DejaVu Serif', style='normal', variant='normal', weight=700, stretch='normal', size='scalable')) = 10.335
12/30/2023 04:13:01 PM findfont: score(FontEntry(fname='/home/alper/.local/lib/python3.10/site-packages/matplotlib/mpl-data/fonts/ttf/STIXGeneralItalic.ttf', name='STIXGeneral', style='italic', variant='normal', weight=400, stretch='normal', size='scalable')) = 11.05
12/30/2023 04:13:01 PM findfont: score(FontEntry(fname='/home/alper/.local/lib/python3.10/site-packages/matplotlib/mpl-data/fonts/ttf/DejaVuSans-Bold.ttf', name='DejaVu Sans', style='normal', variant='normal', weight=700, stretch='normal', size='scalable')) = 0.33499999999999996
12/30/2023 04:13:01 PM findfont: score(FontEntry(fname='/home/alper/.local/lib/python3.10/site-packages/matplotlib/mpl-data/fonts/ttf/DejaVuSansMono.ttf', name='DejaVu Sans Mono', style='normal', variant='normal', weight=400, stretch='normal', size='scalable')) = 10.05
12/30/2023 04:13:01 PM findfont: score(FontEntry(fname='/home/alper/.local/lib/python3.10/site-packages/matplotlib/mpl-data/fonts/ttf/STIXSizOneSymBol.ttf', name='STIXSizeOneSym', style='normal', variant='normal', weight=700, stretch='normal', size='scalable')) = 10.335
12/30/2023 04:13:01 PM findfont: score(FontEntry(fname='/home/alper/.local/lib/python3.10/site-packages/matplotlib/mpl-data/fonts/ttf/DejaVuSerif-Italic.ttf', name='DejaVu Serif', style='italic', variant='normal', weight=400, stretch='normal', size='scalable')) = 11.05
12/30/2023 04:13:01 PM findfont: score(FontEntry(fname='/home/alper/.local/lib/python3.10/site-packages/matplotlib/mpl-data/fonts/ttf/STIXNonUniIta.ttf', name='STIXNonUnicode', style='italic', variant='normal', weight=400, stretch='normal', size='scalable')) = 11.05
12/30/2023 04:13:01 PM findfont: score(FontEntry(fname='/home/alper/.local/lib/python3.10/site-packages/matplotlib/mpl-data/fonts/ttf/STIXSizFourSymReg.ttf', name='STIXSizeFourSym', style='normal', variant='normal', weight=400, stretch='normal', size='scalable')) = 10.05
12/30/2023 04:13:01 PM findfont: score(FontEntry(fname='/home/alper/.local/lib/python3.10/site-packages/matplotlib/mpl-data/fonts/ttf/DejaVuSansMono-Bold.ttf', name='DejaVu Sans Mono', style='normal', variant='normal', weight=700, stretch='normal', size='scalable')) = 10.335
12/30/2023 04:13:01 PM findfont: score(FontEntry(fname='/home/alper/.local/lib/python3.10/site-packages/matplotlib/mpl-data/fonts/ttf/DejaVuSansMono-BoldOblique.ttf', name='DejaVu Sans Mono', style='oblique', variant='normal', weight=700, stretch='normal', size='scalable')) = 11.335
12/30/2023 04:13:01 PM findfont: score(FontEntry(fname='/home/alper/.local/lib/python3.10/site-packages/matplotlib/mpl-data/fonts/ttf/STIXSizThreeSymBol.ttf', name='STIXSizeThreeSym', style='normal', variant='normal', weight=700, stretch='normal', size='scalable')) = 10.335
12/30/2023 04:13:01 PM findfont: score(FontEntry(fname='/home/alper/.local/lib/python3.10/site-packages/matplotlib/mpl-data/fonts/ttf/cmex10.ttf', name='cmex10', style='normal', variant='normal', weight=400, stretch='normal', size='scalable')) = 10.05
12/30/2023 04:13:01 PM findfont: score(FontEntry(fname='/home/alper/.local/lib/python3.10/site-packages/matplotlib/mpl-data/fonts/ttf/STIXSizThreeSymReg.ttf', name='STIXSizeThreeSym', style='normal', variant='normal', weight=400, stretch='normal', size='scalable')) = 10.05
12/30/2023 04:13:01 PM findfont: score(FontEntry(fname='/home/alper/.local/lib/python3.10/site-packages/matplotlib/mpl-data/fonts/ttf/cmmi10.ttf', name='cmmi10', style='normal', variant='normal', weight=400, stretch='normal', size='scalable')) = 10.05
12/30/2023 04:13:01 PM findfont: score(FontEntry(fname='/home/alper/.local/lib/python3.10/site-packages/matplotlib/mpl-data/fonts/ttf/cmss10.ttf', name='cmss10', style='normal', variant='normal', weight=400, stretch='normal', size='scalable')) = 10.05
12/30/2023 04:13:01 PM findfont: score(FontEntry(fname='/home/alper/.local/lib/python3.10/site-packages/matplotlib/mpl-data/fonts/ttf/STIXGeneral.ttf', name='STIXGeneral', style='normal', variant='normal', weight=400, stretch='normal', size='scalable')) = 10.05
12/30/2023 04:13:01 PM findfont: score(FontEntry(fname='/home/alper/.local/lib/python3.10/site-packages/matplotlib/mpl-data/fonts/ttf/DejaVuSansMono-Oblique.ttf', name='DejaVu Sans Mono', style='oblique', variant='normal', weight=400, stretch='normal', size='scalable')) = 11.05
12/30/2023 04:13:01 PM findfont: score(FontEntry(fname='/home/alper/.local/lib/python3.10/site-packages/matplotlib/mpl-data/fonts/ttf/DejaVuSans-Oblique.ttf', name='DejaVu Sans', style='oblique', variant='normal', weight=400, stretch='normal', size='scalable')) = 1.05
12/30/2023 04:13:01 PM findfont: score(FontEntry(fname='/home/alper/.local/lib/python3.10/site-packages/matplotlib/mpl-data/fonts/ttf/STIXNonUni.ttf', name='STIXNonUnicode', style='normal', variant='normal', weight=400, stretch='normal', size='scalable')) = 10.05
12/30/2023 04:13:01 PM findfont: score(FontEntry(fname='/home/alper/.local/lib/python3.10/site-packages/matplotlib/mpl-data/fonts/ttf/STIXNonUniBol.ttf', name='STIXNonUnicode', style='normal', variant='normal', weight=700, stretch='normal', size='scalable')) = 10.335
12/30/2023 04:13:01 PM findfont: score(FontEntry(fname='/home/alper/.local/lib/python3.10/site-packages/matplotlib/mpl-data/fonts/ttf/cmsy10.ttf', name='cmsy10', style='normal', variant='normal', weight=400, stretch='normal', size='scalable')) = 10.05
12/30/2023 04:13:01 PM findfont: score(FontEntry(fname='/home/alper/.local/lib/python3.10/site-packages/matplotlib/mpl-data/fonts/ttf/STIXSizOneSymReg.ttf', name='STIXSizeOneSym', style='normal', variant='normal', weight=400, stretch='normal', size='scalable')) = 10.05
12/30/2023 04:13:01 PM findfont: score(FontEntry(fname='/home/alper/.local/lib/python3.10/site-packages/matplotlib/mpl-data/fonts/ttf/DejaVuSerif.ttf', name='DejaVu Serif', style='normal', variant='normal', weight=400, stretch='normal', size='scalable')) = 10.05
12/30/2023 04:13:01 PM findfont: score(FontEntry(fname='/home/alper/.local/lib/python3.10/site-packages/matplotlib/mpl-data/fonts/ttf/DejaVuSans-BoldOblique.ttf', name='DejaVu Sans', style='oblique', variant='normal', weight=700, stretch='normal', size='scalable')) = 1.335
12/30/2023 04:13:01 PM findfont: score(FontEntry(fname='/home/alper/.local/lib/python3.10/site-packages/matplotlib/mpl-data/fonts/ttf/STIXSizTwoSymBol.ttf', name='STIXSizeTwoSym', style='normal', variant='normal', weight=700, stretch='normal', size='scalable')) = 10.335
12/30/2023 04:13:01 PM findfont: score(FontEntry(fname='/home/alper/.local/lib/python3.10/site-packages/matplotlib/mpl-data/fonts/ttf/DejaVuSans.ttf', name='DejaVu Sans', style='normal', variant='normal', weight=400, stretch='normal', size='scalable')) = 0.05
12/30/2023 04:13:01 PM findfont: score(FontEntry(fname='/home/alper/.local/lib/python3.10/site-packages/matplotlib/mpl-data/fonts/ttf/cmr10.ttf', name='cmr10', style='normal', variant='normal', weight=400, stretch='normal', size='scalable')) = 10.05
12/30/2023 04:13:01 PM findfont: score(FontEntry(fname='/usr/share/fonts/truetype/dejavu/DejaVuSans.ttf', name='DejaVu Sans', style='normal', variant='normal', weight=400, stretch='normal', size='scalable')) = 0.05
12/30/2023 04:13:01 PM findfont: score(FontEntry(fname='/usr/share/fonts/truetype/ubuntu/Ubuntu-RI.ttf', name='Ubuntu', style='italic', variant='normal', weight=400, stretch='normal', size='scalable')) = 11.05
12/30/2023 04:13:01 PM findfont: score(FontEntry(fname='/usr/share/fonts/truetype/dejavu/DejaVuSansMono-Bold.ttf', name='DejaVu Sans Mono', style='normal', variant='normal', weight=700, stretch='normal', size='scalable')) = 10.335
12/30/2023 04:13:01 PM findfont: score(FontEntry(fname='/usr/share/fonts/truetype/ubuntu/Ubuntu-LI.ttf', name='Ubuntu', style='italic', variant='normal', weight=300, stretch='normal', size='scalable')) = 11.145
12/30/2023 04:13:01 PM findfont: score(FontEntry(fname='/usr/share/fonts/truetype/ubuntu/UbuntuMono-RI.ttf', name='Ubuntu Mono', style='italic', variant='normal', weight=400, stretch='normal', size='scalable')) = 11.05
12/30/2023 04:13:01 PM findfont: score(FontEntry(fname='/usr/share/fonts/truetype/ubuntu/Ubuntu-R.ttf', name='Ubuntu', style='normal', variant='normal', weight=400, stretch='normal', size='scalable')) = 10.05
12/30/2023 04:13:01 PM findfont: score(FontEntry(fname='/usr/share/fonts/truetype/dejavu/DejaVuSans-Bold.ttf', name='DejaVu Sans', style='normal', variant='normal', weight=700, stretch='normal', size='scalable')) = 0.33499999999999996
12/30/2023 04:13:01 PM findfont: score(FontEntry(fname='/usr/share/fonts/truetype/ubuntu/UbuntuMono-R.ttf', name='Ubuntu Mono', style='normal', variant='normal', weight=400, stretch='normal', size='scalable')) = 10.05
12/30/2023 04:13:01 PM findfont: score(FontEntry(fname='/usr/share/fonts/truetype/ubuntu/UbuntuMono-B.ttf', name='Ubuntu Mono', style='normal', variant='normal', weight=700, stretch='normal', size='scalable')) = 10.335
12/30/2023 04:13:01 PM findfont: score(FontEntry(fname='/usr/share/fonts/truetype/ubuntu/Ubuntu-M.ttf', name='Ubuntu', style='normal', variant='normal', weight=500, stretch='normal', size='scalable')) = 10.145
12/30/2023 04:13:01 PM findfont: score(FontEntry(fname='/usr/share/fonts/truetype/dejavu/DejaVuSerif.ttf', name='DejaVu Serif', style='normal', variant='normal', weight=400, stretch='normal', size='scalable')) = 10.05
12/30/2023 04:13:01 PM findfont: score(FontEntry(fname='/usr/share/fonts/truetype/ubuntu/Ubuntu-Th.ttf', name='Ubuntu', style='normal', variant='normal', weight=250, stretch='normal', size='scalable')) = 10.1925
12/30/2023 04:13:01 PM findfont: score(FontEntry(fname='/usr/share/fonts/truetype/dejavu/DejaVuSansMono.ttf', name='DejaVu Sans Mono', style='normal', variant='normal', weight=400, stretch='normal', size='scalable')) = 10.05
12/30/2023 04:13:01 PM findfont: score(FontEntry(fname='/usr/share/fonts/truetype/ubuntu/Ubuntu-L.ttf', name='Ubuntu', style='normal', variant='normal', weight=300, stretch='normal', size='scalable')) = 10.145
12/30/2023 04:13:01 PM findfont: score(FontEntry(fname='/usr/share/fonts/truetype/dejavu/DejaVuSerif-Bold.ttf', name='DejaVu Serif', style='normal', variant='normal', weight=700, stretch='normal', size='scalable')) = 10.335
12/30/2023 04:13:01 PM findfont: score(FontEntry(fname='/usr/share/fonts/truetype/ubuntu/Ubuntu-C.ttf', name='Ubuntu Condensed', style='normal', variant='normal', weight=400, stretch='condensed', size='scalable')) = 10.25
12/30/2023 04:13:01 PM findfont: score(FontEntry(fname='/usr/share/fonts/truetype/ubuntu/UbuntuMono-BI.ttf', name='Ubuntu Mono', style='italic', variant='normal', weight=700, stretch='normal', size='scalable')) = 11.335
12/30/2023 04:13:01 PM findfont: score(FontEntry(fname='/usr/share/fonts/truetype/ubuntu/Ubuntu-B.ttf', name='Ubuntu', style='normal', variant='normal', weight=700, stretch='normal', size='scalable')) = 10.335
12/30/2023 04:13:01 PM findfont: score(FontEntry(fname='/usr/share/fonts/truetype/ubuntu/Ubuntu-BI.ttf', name='Ubuntu', style='italic', variant='normal', weight=700, stretch='normal', size='scalable')) = 11.335
12/30/2023 04:13:01 PM findfont: score(FontEntry(fname='/usr/share/fonts/truetype/ubuntu/Ubuntu-MI.ttf', name='Ubuntu', style='italic', variant='normal', weight=500, stretch='normal', size='scalable')) = 11.145
12/30/2023 04:13:01 PM findfont: Matching sans\-serif:style=normal:variant=normal:weight=normal:stretch=normal:size=10.0 to DejaVu Sans ('/home/alper/.local/lib/python3.10/site-packages/matplotlib/mpl-data/fonts/ttf/DejaVuSans.ttf') with score of 0.050000.
12/30/2023 04:13:01 PM Using categorical units to plot a list of strings that are all parsable as floats or dates. If these strings should be plotted as numbers, cast to the appropriate data type before plotting.
12/30/2023 04:13:01 PM Using categorical units to plot a list of strings that are all parsable as floats or dates. If these strings should be plotted as numbers, cast to the appropriate data type before plotting.
12/30/2023 04:13:02 PM findfont: Matching sans\-serif:style=normal:variant=normal:weight=normal:stretch=normal:size=12.0.
12/30/2023 04:13:02 PM findfont: score(FontEntry(fname='/home/alper/.local/lib/python3.10/site-packages/matplotlib/mpl-data/fonts/ttf/DejaVuSerifDisplay.ttf', name='DejaVu Serif Display', style='normal', variant='normal', weight=400, stretch='normal', size='scalable')) = 10.05
12/30/2023 04:13:02 PM findfont: score(FontEntry(fname='/home/alper/.local/lib/python3.10/site-packages/matplotlib/mpl-data/fonts/ttf/STIXSizFourSymBol.ttf', name='STIXSizeFourSym', style='normal', variant='normal', weight=700, stretch='normal', size='scalable')) = 10.335
12/30/2023 04:13:02 PM findfont: score(FontEntry(fname='/home/alper/.local/lib/python3.10/site-packages/matplotlib/mpl-data/fonts/ttf/STIXGeneralBolIta.ttf', name='STIXGeneral', style='italic', variant='normal', weight=700, stretch='normal', size='scalable')) = 11.335
12/30/2023 04:13:02 PM findfont: score(FontEntry(fname='/home/alper/.local/lib/python3.10/site-packages/matplotlib/mpl-data/fonts/ttf/cmb10.ttf', name='cmb10', style='normal', variant='normal', weight=400, stretch='normal', size='scalable')) = 10.05
12/30/2023 04:13:02 PM findfont: score(FontEntry(fname='/home/alper/.local/lib/python3.10/site-packages/matplotlib/mpl-data/fonts/ttf/STIXGeneralBol.ttf', name='STIXGeneral', style='normal', variant='normal', weight=700, stretch='normal', size='scalable')) = 10.335
12/30/2023 04:13:02 PM findfont: score(FontEntry(fname='/home/alper/.local/lib/python3.10/site-packages/matplotlib/mpl-data/fonts/ttf/cmtt10.ttf', name='cmtt10', style='normal', variant='normal', weight=400, stretch='normal', size='scalable')) = 10.05
12/30/2023 04:13:02 PM findfont: score(FontEntry(fname='/home/alper/.local/lib/python3.10/site-packages/matplotlib/mpl-data/fonts/ttf/STIXSizTwoSymReg.ttf', name='STIXSizeTwoSym', style='normal', variant='normal', weight=400, stretch='normal', size='scalable')) = 10.05
12/30/2023 04:13:02 PM findfont: score(FontEntry(fname='/home/alper/.local/lib/python3.10/site-packages/matplotlib/mpl-data/fonts/ttf/STIXSizFiveSymReg.ttf', name='STIXSizeFiveSym', style='normal', variant='normal', weight=400, stretch='normal', size='scalable')) = 10.05
12/30/2023 04:13:02 PM findfont: score(FontEntry(fname='/home/alper/.local/lib/python3.10/site-packages/matplotlib/mpl-data/fonts/ttf/DejaVuSansDisplay.ttf', name='DejaVu Sans Display', style='normal', variant='normal', weight=400, stretch='normal', size='scalable')) = 10.05
12/30/2023 04:13:02 PM findfont: score(FontEntry(fname='/home/alper/.local/lib/python3.10/site-packages/matplotlib/mpl-data/fonts/ttf/DejaVuSerif-BoldItalic.ttf', name='DejaVu Serif', style='italic', variant='normal', weight=700, stretch='normal', size='scalable')) = 11.335
12/30/2023 04:13:02 PM findfont: score(FontEntry(fname='/home/alper/.local/lib/python3.10/site-packages/matplotlib/mpl-data/fonts/ttf/STIXNonUniBolIta.ttf', name='STIXNonUnicode', style='italic', variant='normal', weight=700, stretch='normal', size='scalable')) = 11.335
12/30/2023 04:13:02 PM findfont: score(FontEntry(fname='/home/alper/.local/lib/python3.10/site-packages/matplotlib/mpl-data/fonts/ttf/DejaVuSerif-Bold.ttf', name='DejaVu Serif', style='normal', variant='normal', weight=700, stretch='normal', size='scalable')) = 10.335
12/30/2023 04:13:02 PM findfont: score(FontEntry(fname='/home/alper/.local/lib/python3.10/site-packages/matplotlib/mpl-data/fonts/ttf/STIXGeneralItalic.ttf', name='STIXGeneral', style='italic', variant='normal', weight=400, stretch='normal', size='scalable')) = 11.05
12/30/2023 04:13:02 PM findfont: score(FontEntry(fname='/home/alper/.local/lib/python3.10/site-packages/matplotlib/mpl-data/fonts/ttf/DejaVuSans-Bold.ttf', name='DejaVu Sans', style='normal', variant='normal', weight=700, stretch='normal', size='scalable')) = 0.33499999999999996
12/30/2023 04:13:02 PM findfont: score(FontEntry(fname='/home/alper/.local/lib/python3.10/site-packages/matplotlib/mpl-data/fonts/ttf/DejaVuSansMono.ttf', name='DejaVu Sans Mono', style='normal', variant='normal', weight=400, stretch='normal', size='scalable')) = 10.05
12/30/2023 04:13:02 PM findfont: score(FontEntry(fname='/home/alper/.local/lib/python3.10/site-packages/matplotlib/mpl-data/fonts/ttf/STIXSizOneSymBol.ttf', name='STIXSizeOneSym', style='normal', variant='normal', weight=700, stretch='normal', size='scalable')) = 10.335
12/30/2023 04:13:02 PM findfont: score(FontEntry(fname='/home/alper/.local/lib/python3.10/site-packages/matplotlib/mpl-data/fonts/ttf/DejaVuSerif-Italic.ttf', name='DejaVu Serif', style='italic', variant='normal', weight=400, stretch='normal', size='scalable')) = 11.05
12/30/2023 04:13:02 PM findfont: score(FontEntry(fname='/home/alper/.local/lib/python3.10/site-packages/matplotlib/mpl-data/fonts/ttf/STIXNonUniIta.ttf', name='STIXNonUnicode', style='italic', variant='normal', weight=400, stretch='normal', size='scalable')) = 11.05
12/30/2023 04:13:02 PM findfont: score(FontEntry(fname='/home/alper/.local/lib/python3.10/site-packages/matplotlib/mpl-data/fonts/ttf/STIXSizFourSymReg.ttf', name='STIXSizeFourSym', style='normal', variant='normal', weight=400, stretch='normal', size='scalable')) = 10.05
12/30/2023 04:13:02 PM findfont: score(FontEntry(fname='/home/alper/.local/lib/python3.10/site-packages/matplotlib/mpl-data/fonts/ttf/DejaVuSansMono-Bold.ttf', name='DejaVu Sans Mono', style='normal', variant='normal', weight=700, stretch='normal', size='scalable')) = 10.335
12/30/2023 04:13:02 PM findfont: score(FontEntry(fname='/home/alper/.local/lib/python3.10/site-packages/matplotlib/mpl-data/fonts/ttf/DejaVuSansMono-BoldOblique.ttf', name='DejaVu Sans Mono', style='oblique', variant='normal', weight=700, stretch='normal', size='scalable')) = 11.335
12/30/2023 04:13:02 PM findfont: score(FontEntry(fname='/home/alper/.local/lib/python3.10/site-packages/matplotlib/mpl-data/fonts/ttf/STIXSizThreeSymBol.ttf', name='STIXSizeThreeSym', style='normal', variant='normal', weight=700, stretch='normal', size='scalable')) = 10.335
12/30/2023 04:13:02 PM findfont: score(FontEntry(fname='/home/alper/.local/lib/python3.10/site-packages/matplotlib/mpl-data/fonts/ttf/cmex10.ttf', name='cmex10', style='normal', variant='normal', weight=400, stretch='normal', size='scalable')) = 10.05
12/30/2023 04:13:02 PM findfont: score(FontEntry(fname='/home/alper/.local/lib/python3.10/site-packages/matplotlib/mpl-data/fonts/ttf/STIXSizThreeSymReg.ttf', name='STIXSizeThreeSym', style='normal', variant='normal', weight=400, stretch='normal', size='scalable')) = 10.05
12/30/2023 04:13:02 PM findfont: score(FontEntry(fname='/home/alper/.local/lib/python3.10/site-packages/matplotlib/mpl-data/fonts/ttf/cmmi10.ttf', name='cmmi10', style='normal', variant='normal', weight=400, stretch='normal', size='scalable')) = 10.05
12/30/2023 04:13:02 PM findfont: score(FontEntry(fname='/home/alper/.local/lib/python3.10/site-packages/matplotlib/mpl-data/fonts/ttf/cmss10.ttf', name='cmss10', style='normal', variant='normal', weight=400, stretch='normal', size='scalable')) = 10.05
12/30/2023 04:13:02 PM findfont: score(FontEntry(fname='/home/alper/.local/lib/python3.10/site-packages/matplotlib/mpl-data/fonts/ttf/STIXGeneral.ttf', name='STIXGeneral', style='normal', variant='normal', weight=400, stretch='normal', size='scalable')) = 10.05
12/30/2023 04:13:02 PM findfont: score(FontEntry(fname='/home/alper/.local/lib/python3.10/site-packages/matplotlib/mpl-data/fonts/ttf/DejaVuSansMono-Oblique.ttf', name='DejaVu Sans Mono', style='oblique', variant='normal', weight=400, stretch='normal', size='scalable')) = 11.05
12/30/2023 04:13:02 PM findfont: score(FontEntry(fname='/home/alper/.local/lib/python3.10/site-packages/matplotlib/mpl-data/fonts/ttf/DejaVuSans-Oblique.ttf', name='DejaVu Sans', style='oblique', variant='normal', weight=400, stretch='normal', size='scalable')) = 1.05
12/30/2023 04:13:02 PM findfont: score(FontEntry(fname='/home/alper/.local/lib/python3.10/site-packages/matplotlib/mpl-data/fonts/ttf/STIXNonUni.ttf', name='STIXNonUnicode', style='normal', variant='normal', weight=400, stretch='normal', size='scalable')) = 10.05
12/30/2023 04:13:02 PM findfont: score(FontEntry(fname='/home/alper/.local/lib/python3.10/site-packages/matplotlib/mpl-data/fonts/ttf/STIXNonUniBol.ttf', name='STIXNonUnicode', style='normal', variant='normal', weight=700, stretch='normal', size='scalable')) = 10.335
12/30/2023 04:13:02 PM findfont: score(FontEntry(fname='/home/alper/.local/lib/python3.10/site-packages/matplotlib/mpl-data/fonts/ttf/cmsy10.ttf', name='cmsy10', style='normal', variant='normal', weight=400, stretch='normal', size='scalable')) = 10.05
12/30/2023 04:13:02 PM findfont: score(FontEntry(fname='/home/alper/.local/lib/python3.10/site-packages/matplotlib/mpl-data/fonts/ttf/STIXSizOneSymReg.ttf', name='STIXSizeOneSym', style='normal', variant='normal', weight=400, stretch='normal', size='scalable')) = 10.05
12/30/2023 04:13:02 PM findfont: score(FontEntry(fname='/home/alper/.local/lib/python3.10/site-packages/matplotlib/mpl-data/fonts/ttf/DejaVuSerif.ttf', name='DejaVu Serif', style='normal', variant='normal', weight=400, stretch='normal', size='scalable')) = 10.05
12/30/2023 04:13:02 PM findfont: score(FontEntry(fname='/home/alper/.local/lib/python3.10/site-packages/matplotlib/mpl-data/fonts/ttf/DejaVuSans-BoldOblique.ttf', name='DejaVu Sans', style='oblique', variant='normal', weight=700, stretch='normal', size='scalable')) = 1.335
12/30/2023 04:13:02 PM findfont: score(FontEntry(fname='/home/alper/.local/lib/python3.10/site-packages/matplotlib/mpl-data/fonts/ttf/STIXSizTwoSymBol.ttf', name='STIXSizeTwoSym', style='normal', variant='normal', weight=700, stretch='normal', size='scalable')) = 10.335
12/30/2023 04:13:02 PM findfont: score(FontEntry(fname='/home/alper/.local/lib/python3.10/site-packages/matplotlib/mpl-data/fonts/ttf/DejaVuSans.ttf', name='DejaVu Sans', style='normal', variant='normal', weight=400, stretch='normal', size='scalable')) = 0.05
12/30/2023 04:13:02 PM findfont: score(FontEntry(fname='/home/alper/.local/lib/python3.10/site-packages/matplotlib/mpl-data/fonts/ttf/cmr10.ttf', name='cmr10', style='normal', variant='normal', weight=400, stretch='normal', size='scalable')) = 10.05
12/30/2023 04:13:02 PM findfont: score(FontEntry(fname='/usr/share/fonts/truetype/dejavu/DejaVuSans.ttf', name='DejaVu Sans', style='normal', variant='normal', weight=400, stretch='normal', size='scalable')) = 0.05
12/30/2023 04:13:02 PM findfont: score(FontEntry(fname='/usr/share/fonts/truetype/ubuntu/Ubuntu-RI.ttf', name='Ubuntu', style='italic', variant='normal', weight=400, stretch='normal', size='scalable')) = 11.05
12/30/2023 04:13:02 PM findfont: score(FontEntry(fname='/usr/share/fonts/truetype/dejavu/DejaVuSansMono-Bold.ttf', name='DejaVu Sans Mono', style='normal', variant='normal', weight=700, stretch='normal', size='scalable')) = 10.335
12/30/2023 04:13:02 PM findfont: score(FontEntry(fname='/usr/share/fonts/truetype/ubuntu/Ubuntu-LI.ttf', name='Ubuntu', style='italic', variant='normal', weight=300, stretch='normal', size='scalable')) = 11.145
12/30/2023 04:13:02 PM findfont: score(FontEntry(fname='/usr/share/fonts/truetype/ubuntu/UbuntuMono-RI.ttf', name='Ubuntu Mono', style='italic', variant='normal', weight=400, stretch='normal', size='scalable')) = 11.05
12/30/2023 04:13:02 PM findfont: score(FontEntry(fname='/usr/share/fonts/truetype/ubuntu/Ubuntu-R.ttf', name='Ubuntu', style='normal', variant='normal', weight=400, stretch='normal', size='scalable')) = 10.05
12/30/2023 04:13:02 PM findfont: score(FontEntry(fname='/usr/share/fonts/truetype/dejavu/DejaVuSans-Bold.ttf', name='DejaVu Sans', style='normal', variant='normal', weight=700, stretch='normal', size='scalable')) = 0.33499999999999996
12/30/2023 04:13:02 PM findfont: score(FontEntry(fname='/usr/share/fonts/truetype/ubuntu/UbuntuMono-R.ttf', name='Ubuntu Mono', style='normal', variant='normal', weight=400, stretch='normal', size='scalable')) = 10.05
12/30/2023 04:13:02 PM findfont: score(FontEntry(fname='/usr/share/fonts/truetype/ubuntu/UbuntuMono-B.ttf', name='Ubuntu Mono', style='normal', variant='normal', weight=700, stretch='normal', size='scalable')) = 10.335
12/30/2023 04:13:02 PM findfont: score(FontEntry(fname='/usr/share/fonts/truetype/ubuntu/Ubuntu-M.ttf', name='Ubuntu', style='normal', variant='normal', weight=500, stretch='normal', size='scalable')) = 10.145
12/30/2023 04:13:02 PM findfont: score(FontEntry(fname='/usr/share/fonts/truetype/dejavu/DejaVuSerif.ttf', name='DejaVu Serif', style='normal', variant='normal', weight=400, stretch='normal', size='scalable')) = 10.05
12/30/2023 04:13:02 PM findfont: score(FontEntry(fname='/usr/share/fonts/truetype/ubuntu/Ubuntu-Th.ttf', name='Ubuntu', style='normal', variant='normal', weight=250, stretch='normal', size='scalable')) = 10.1925
12/30/2023 04:13:02 PM findfont: score(FontEntry(fname='/usr/share/fonts/truetype/dejavu/DejaVuSansMono.ttf', name='DejaVu Sans Mono', style='normal', variant='normal', weight=400, stretch='normal', size='scalable')) = 10.05
12/30/2023 04:13:02 PM findfont: score(FontEntry(fname='/usr/share/fonts/truetype/ubuntu/Ubuntu-L.ttf', name='Ubuntu', style='normal', variant='normal', weight=300, stretch='normal', size='scalable')) = 10.145
12/30/2023 04:13:02 PM findfont: score(FontEntry(fname='/usr/share/fonts/truetype/dejavu/DejaVuSerif-Bold.ttf', name='DejaVu Serif', style='normal', variant='normal', weight=700, stretch='normal', size='scalable')) = 10.335
12/30/2023 04:13:02 PM findfont: score(FontEntry(fname='/usr/share/fonts/truetype/ubuntu/Ubuntu-C.ttf', name='Ubuntu Condensed', style='normal', variant='normal', weight=400, stretch='condensed', size='scalable')) = 10.25
12/30/2023 04:13:02 PM findfont: score(FontEntry(fname='/usr/share/fonts/truetype/ubuntu/UbuntuMono-BI.ttf', name='Ubuntu Mono', style='italic', variant='normal', weight=700, stretch='normal', size='scalable')) = 11.335
12/30/2023 04:13:02 PM findfont: score(FontEntry(fname='/usr/share/fonts/truetype/ubuntu/Ubuntu-B.ttf', name='Ubuntu', style='normal', variant='normal', weight=700, stretch='normal', size='scalable')) = 10.335
12/30/2023 04:13:02 PM findfont: score(FontEntry(fname='/usr/share/fonts/truetype/ubuntu/Ubuntu-BI.ttf', name='Ubuntu', style='italic', variant='normal', weight=700, stretch='normal', size='scalable')) = 11.335
12/30/2023 04:13:02 PM findfont: score(FontEntry(fname='/usr/share/fonts/truetype/ubuntu/Ubuntu-MI.ttf', name='Ubuntu', style='italic', variant='normal', weight=500, stretch='normal', size='scalable')) = 11.145
12/30/2023 04:13:02 PM findfont: Matching sans\-serif:style=normal:variant=normal:weight=normal:stretch=normal:size=12.0 to DejaVu Sans ('/home/alper/.local/lib/python3.10/site-packages/matplotlib/mpl-data/fonts/ttf/DejaVuSans.ttf') with score of 0.050000.
12/30/2023 04:13:02 PM En çok geçen 15 tür grafiği oluşturuldu.
12/30/2023 04:13:04 PM En çok geçen 15 senarist grafiği oluşturuldu.
12/30/2023 04:13:05 PM En çok geçen 15 yönetmen grafiği oluşturuldu.
12/30/2023 04:13:06 PM En çok geçen 15 başrol grafiği oluşturuldu.
12/30/2023 04:13:07 PM En çok geçen 15 besteci grafiği oluşturuldu.
12/30/2023 04:13:08 PM En çok geçen 15 yapımcı grafiği oluşturuldu.
12/30/2023 04:13:09 PM En çok geçen 15 mekan grafiği oluşturuldu.
12/30/2023 04:13:11 PM En çok geçen 15 görüntü yönetmeni grafiği oluşturuldu.
12/30/2023 04:13:12 PM En çok geçen 15 yapım şirketi grafiği oluşturuldu.
12/30/2023 04:13:13 PM En çok geçen 15 kanal grafiği oluşturuldu.
12/30/2023 04:13:14 PM En çok geçen 15 platform grafiği oluşturuldu.
12/30/2023 04:13:16 PM En çok geçen 15 ses formatı grafiği oluşturuldu.
12/30/2023 04:13:17 PM Dizi adında en çok geçen 50 tür grafiği oluşturuldu.
12/30/2023 04:13:20 PM Dizi adında en çok geçen 50 tür kelime bulutu grafiği oluşturuldu.
12/30/2023 04:14:01 PM Altın kelebek ödüllü yönetmenler wikipediadan çekildi.
12/30/2023 04:14:02 PM Altın kelebek ödüllü yönetmenler veri seti oluşturuldu.
12/30/2023 04:14:32 PM Altın kelebek ödüllü yönetmenler veri seti kaydedildi.
