12/30/2023 03:56:19 PM Temizlenmiş veri seti yüklendi.
12/30/2023 03:56:25 PM Özellikleri çıkarmak için ayrı bir veri seti oluşturuldu.
12/30/2023 03:57:05 PM Sezon sayısı boş olanlar 1 ile dolduruldu.
12/30/2023 03:57:06 PM Gösterim süresi boş olanlar bir önceki sütundaki ile dolduruldu.
12/30/2023 03:57:23 PM Doldurulan veri seti kaydedildi.
12/30/2023 03:57:25 PM Özellikleri çıkarmak için ayrı bir veri seti oluşturuldu.
12/30/2023 03:57:26 PM Tarih özelliği oluşturuldu.
12/30/2023 03:57:26 PM Dizi adı özelliği oluşturuldu.
12/30/2023 03:57:27 PM Dizi adı uzunluğu özelliği oluşturuldu.
12/30/2023 03:57:28 PM En kısa dizi adı uzunluğuna sahip dizi bulundu.
12/30/2023 03:57:28 PM En uzun dizi adına sahip olan dizi bulundu.
12/30/2023 03:57:30 PM Dizi adındaki toplam kelime sayısı özelliği oluşturuldu.
12/30/2023 03:57:30 PM Adında en az kelime bulunan dizi bulundu.
12/30/2023 03:57:31 PM Adında en fazla kelime bulunan dizi bulundu.
12/30/2023 03:57:32 PM Dizi adındaki bağlaç sayısı bulundu.
12/30/2023 03:57:32 PM Dizi adında bağlaç olan diziler bulundu.
12/30/2023 03:58:38 PM Dizi adında yer ismi özelliği bulundu.
12/30/2023 03:58:38 PM Dizi adında yer ismi olan diziler bulundu.
12/30/2023 03:59:33 PM Dizi adında özel isim özelliği bulundu.
12/30/2023 03:59:33 PM Dizi adında özel isim olan diziler bulundu.
12/30/2023 03:59:33 PM Jeolojik veri seti yüklendi.
12/30/2023 03:59:35 PM Türkiye geçiyor özelliği bulundu.
12/30/2023 03:59:35 PM Türkiyede geçen diziler bulundu.
12/30/2023 03:59:36 PM Yurtdışında geçiyor özelliği bulundu.
12/30/2023 03:59:36 PM Yurtdışında geçen diziler bulundu.
12/30/2023 03:59:36 PM Toplam başrol sayısı özelliği bulundu.
12/30/2023 03:59:36 PM En fazla başrole sahip dizi bulundu.
12/30/2023 03:59:36 PM En az başrole sahip dizi bulundu.
12/30/2023 03:59:36 PM Uyarlama özelliği bulundu.
12/30/2023 03:59:36 PM Uyarlama olan diziler bulundu.
12/30/2023 03:59:37 PM Youtube hesabı özelliği bulundu.
12/30/2023 03:59:37 PM Facebook hesabı özelliği bulundu.
12/30/2023 03:59:37 PM Twitter hesabı özelliği bulundu.
12/30/2023 03:59:37 PM Instagram hesabı özelliği bulundu.
12/30/2023 03:59:37 PM Toplam sosyal medya hesabı sayısı özelliği bulundu.
12/30/2023 03:59:37 PM Dizinin yayınlandığı gün özelliği bulundu.
12/30/2023 03:59:37 PM Dizinin yayınlandığı gün özelliği bulundu.
12/30/2023 03:59:38 PM Dizinin yayınlandığı kanal ücreti özelliği bulundu.
12/30/2023 03:59:38 PM Dizinin türü özelliği bulundu.
12/30/2023 03:59:38 PM Dizinin senaristlerinin görev aldığı ortalama dizi sayısı özelliği bulundu.
12/30/2023 03:59:39 PM Dizinin senaristlerdeki ödüllü senarist sayısı özelliği bulundu.
12/30/2023 03:59:41 PM Dizinin senaristlerdeki aldığı toplam ortalama ödül sayısı özelliği bulundu.
12/30/2023 03:59:42 PM Dizinin başrollerinin görev aldığı ortalama dizi sayısı özelliği bulundu.
12/30/2023 03:59:45 PM Dizinin başrollerindeki ödüllü başrol sayısı özelliği bulundu.
12/30/2023 03:59:47 PM Dizinin başrollerinin aldığı toplam ortalama ödül sayısı özelliği bulundu.
12/30/2023 03:59:48 PM Dizinin yönetmenlerinin görev aldığı ortalama dizi sayısı özelliği bulundu.
12/30/2023 04:14:39 PM Dizinin yönetmen ödüllü yönetmen sayısı özelliği bulundu.
12/30/2023 04:14:43 PM Dizinin yönetmenlerinin aldığı toplam ortalama ödül sayısı özelliği bulundu.
12/30/2023 04:14:44 PM Dizi altın kelebek ödülü aldı mı özelliği bulundu.
12/30/2023 04:14:57 PM Dizinin başrollerindeki kadın oyuncu oranı bulundu.
12/30/2023 04:14:57 PM Dizinin gösterim süresi özelliği bulundu.
12/30/2023 04:14:57 PM Dizinin yayınlandığı kanal özelliği bulundu.
12/30/2023 04:14:58 PM Sezon sayısına göre işaretleme yapıldı.
12/30/2023 04:14:58 PM Özellik veri seti kaydedildi.
12/31/2023 01:14:52 PM Temizlenmiş veri seti yüklendi.
12/31/2023 01:15:27 PM Sezon sayısı boş olanlar 1 ile dolduruldu.
12/31/2023 01:15:28 PM Gösterim süresi boş olanlar bir önceki sütundaki ile dolduruldu.
12/31/2023 01:15:31 PM Doldurulan veri seti kaydedildi.
12/31/2023 01:15:32 PM Özellikleri çıkarmak için ayrı bir veri seti oluşturuldu.
12/31/2023 01:15:34 PM Tarih özelliği oluşturuldu.
12/31/2023 01:15:34 PM Dizi adı özelliği oluşturuldu.
12/31/2023 01:15:35 PM Dizi adı uzunluğu özelliği oluşturuldu.
12/31/2023 01:15:35 PM En kısa dizi adı uzunluğuna sahip dizi bulundu.
12/31/2023 01:15:35 PM En uzun dizi adına sahip olan dizi bulundu.
12/31/2023 01:15:36 PM Dizi adındaki toplam kelime sayısı özelliği oluşturuldu.
12/31/2023 01:15:36 PM Adında en az kelime bulunan dizi bulundu.
12/31/2023 01:15:36 PM Adında en fazla kelime bulunan dizi bulundu.
12/31/2023 01:15:37 PM Dizi adındaki bağlaç sayısı bulundu.
12/31/2023 01:15:37 PM Dizi adında bağlaç olan diziler bulundu.
12/31/2023 01:16:58 PM Dizi adında yer ismi özelliği bulundu.
12/31/2023 01:16:58 PM Dizi adında yer ismi olan diziler bulundu.
12/31/2023 01:18:21 PM Dizi adında özel isim özelliği bulundu.
12/31/2023 01:18:21 PM Dizi adında özel isim olan diziler bulundu.
12/31/2023 01:18:21 PM Jeolojik veri seti yüklendi.
12/31/2023 01:18:23 PM Türkiye geçiyor özelliği bulundu.
12/31/2023 01:18:23 PM Türkiyede geçen diziler bulundu.
12/31/2023 01:18:25 PM Yurtdışında geçiyor özelliği bulundu.
12/31/2023 01:18:25 PM Yurtdışında geçen diziler bulundu.
12/31/2023 01:18:26 PM Toplam başrol sayısı özelliği bulundu.
12/31/2023 01:18:26 PM En fazla başrole sahip dizi bulundu.
12/31/2023 01:18:26 PM En az başrole sahip dizi bulundu.
12/31/2023 01:18:26 PM Uyarlama özelliği bulundu.
12/31/2023 01:18:26 PM Uyarlama olan diziler bulundu.
12/31/2023 01:18:26 PM Youtube hesabı özelliği bulundu.
12/31/2023 01:18:26 PM Facebook hesabı özelliği bulundu.
12/31/2023 01:18:26 PM Twitter hesabı özelliği bulundu.
12/31/2023 01:18:26 PM Instagram hesabı özelliği bulundu.
12/31/2023 01:18:26 PM Toplam sosyal medya hesabı sayısı özelliği bulundu.
12/31/2023 01:18:26 PM Dizinin yayınlandığı gün özelliği bulundu.
12/31/2023 01:18:27 PM Dizinin yayınlandığı gün özelliği bulundu.
12/31/2023 01:18:28 PM Dizinin yayınlandığı kanal ücreti özelliği bulundu.
12/31/2023 01:18:28 PM Dizinin türü özelliği bulundu.
12/31/2023 01:18:29 PM Dizinin senaristlerinin görev aldığı ortalama dizi sayısı özelliği bulundu.
12/31/2023 01:18:31 PM Dizinin senaristlerdeki ödüllü senarist sayısı özelliği bulundu.
12/31/2023 01:18:33 PM Dizinin senaristlerdeki aldığı toplam ortalama ödül sayısı özelliği bulundu.
12/31/2023 01:18:34 PM Dizinin başrollerinin görev aldığı ortalama dizi sayısı özelliği bulundu.
12/31/2023 01:18:41 PM Dizinin başrollerindeki ödüllü başrol sayısı özelliği bulundu.
12/31/2023 01:18:46 PM Dizinin başrollerinin aldığı toplam ortalama ödül sayısı özelliği bulundu.
12/31/2023 01:18:47 PM Dizinin yönetmenlerinin görev aldığı ortalama dizi sayısı özelliği bulundu.
12/31/2023 01:18:49 PM Dizinin yönetmen ödüllü yönetmen sayısı özelliği bulundu.
12/31/2023 01:18:51 PM Dizinin yönetmenlerinin aldığı toplam ortalama ödül sayısı özelliği bulundu.
12/31/2023 01:18:51 PM Dizi altın kelebek ödülü aldı mı özelliği bulundu.
12/31/2023 01:19:09 PM Dizinin başrollerindeki kadın oyuncu oranı bulundu.
12/31/2023 01:19:09 PM Dizinin gösterim süresi özelliği bulundu.
12/31/2023 01:19:09 PM Dizinin yayınlandığı kanal özelliği bulundu.
12/31/2023 01:25:09 PM Temizlenmiş veri seti yüklendi.
12/31/2023 01:25:09 PM Sezon sayısı boş olanlar 1 ile dolduruldu.
12/31/2023 01:25:09 PM Gösterim süresi boş olanlar bir önceki sütundaki ile dolduruldu.
12/31/2023 01:25:10 PM Doldurulan veri seti kaydedildi.
12/31/2023 01:25:11 PM Özellikleri çıkarmak için ayrı bir veri seti oluşturuldu.
12/31/2023 01:25:11 PM Tarih özelliği oluşturuldu.
12/31/2023 01:25:11 PM Dizi adı özelliği oluşturuldu.
12/31/2023 01:25:11 PM Dizi adı uzunluğu özelliği oluşturuldu.
12/31/2023 01:25:11 PM En kısa dizi adı uzunluğuna sahip dizi bulundu.
12/31/2023 01:25:12 PM En uzun dizi adına sahip olan dizi bulundu.
12/31/2023 01:25:12 PM Dizi adındaki toplam kelime sayısı özelliği oluşturuldu.
12/31/2023 01:25:12 PM Adında en az kelime bulunan dizi bulundu.
12/31/2023 01:25:12 PM Adında en fazla kelime bulunan dizi bulundu.
12/31/2023 01:25:13 PM Dizi adındaki bağlaç sayısı bulundu.
12/31/2023 01:25:13 PM Dizi adında bağlaç olan diziler bulundu.
12/31/2023 01:26:26 PM Dizi adında yer ismi özelliği bulundu.
12/31/2023 01:26:26 PM Dizi adında yer ismi olan diziler bulundu.
12/31/2023 01:27:30 PM Dizi adında özel isim özelliği bulundu.
12/31/2023 01:27:30 PM Dizi adında özel isim olan diziler bulundu.
12/31/2023 01:27:30 PM Jeolojik veri seti yüklendi.
12/31/2023 01:27:32 PM Türkiye geçiyor özelliği bulundu.
12/31/2023 01:27:32 PM Türkiyede geçen diziler bulundu.
12/31/2023 01:27:35 PM Yurtdışında geçiyor özelliği bulundu.
12/31/2023 01:27:35 PM Yurtdışında geçen diziler bulundu.
12/31/2023 01:27:35 PM Toplam başrol sayısı özelliği bulundu.
12/31/2023 01:27:35 PM En fazla başrole sahip dizi bulundu.
12/31/2023 01:27:35 PM En az başrole sahip dizi bulundu.
12/31/2023 01:27:35 PM Uyarlama özelliği bulundu.
12/31/2023 01:27:35 PM Uyarlama olan diziler bulundu.
12/31/2023 01:27:36 PM Youtube hesabı özelliği bulundu.
12/31/2023 01:27:36 PM Facebook hesabı özelliği bulundu.
12/31/2023 01:27:36 PM Twitter hesabı özelliği bulundu.
12/31/2023 01:27:36 PM Instagram hesabı özelliği bulundu.
12/31/2023 01:27:36 PM Toplam sosyal medya hesabı sayısı özelliği bulundu.
12/31/2023 01:27:36 PM Dizinin yayınlandığı gün özelliği bulundu.
12/31/2023 01:27:36 PM Dizinin yayınlandığı gün özelliği bulundu.
12/31/2023 01:27:37 PM Dizinin yayınlandığı kanal ücreti özelliği bulundu.
12/31/2023 01:27:37 PM Dizinin türü özelliği bulundu.
12/31/2023 01:27:38 PM Dizinin senaristlerinin görev aldığı ortalama dizi sayısı özelliği bulundu.
12/31/2023 01:27:39 PM Dizinin senaristlerdeki ödüllü senarist sayısı özelliği bulundu.
12/31/2023 01:27:41 PM Dizinin senaristlerdeki aldığı toplam ortalama ödül sayısı özelliği bulundu.
12/31/2023 01:27:43 PM Dizinin başrollerinin görev aldığı ortalama dizi sayısı özelliği bulundu.
12/31/2023 01:27:51 PM Dizinin başrollerindeki ödüllü başrol sayısı özelliği bulundu.
12/31/2023 01:27:55 PM Dizinin başrollerinin aldığı toplam ortalama ödül sayısı özelliği bulundu.
12/31/2023 01:27:55 PM Dizinin yönetmenlerinin görev aldığı ortalama dizi sayısı özelliği bulundu.
12/31/2023 01:27:56 PM Dizinin yönetmen ödüllü yönetmen sayısı özelliği bulundu.
12/31/2023 01:27:57 PM Dizinin yönetmenlerinin aldığı toplam ortalama ödül sayısı özelliği bulundu.
12/31/2023 01:27:57 PM Dizi altın kelebek ödülü aldı mı özelliği bulundu.
12/31/2023 01:28:09 PM Dizinin başrollerindeki kadın oyuncu oranı bulundu.
12/31/2023 01:28:09 PM Dizinin gösterim süresi özelliği bulundu.
12/31/2023 01:28:09 PM Dizinin yayınlandığı kanal özelliği bulundu.
12/31/2023 01:28:09 PM Sezon sayısına göre işaretleme yapıldı.
12/31/2023 01:28:28 PM Özellik veri seti kaydedildi.
12/31/2023 10:12:58 PM No such comm target registered: jupyter.widget.control
12/31/2023 10:12:58 PM No such comm: 3940d96e-353b-4ba2-b8ec-1e37fa7342ae
12/31/2023 10:12:58 PM Current comms: []
12/31/2023 10:13:01 PM Temizlenmiş veri seti yüklendi.
12/31/2023 10:13:02 PM Sezon sayısı boş olanlar 1 ile dolduruldu.
12/31/2023 10:13:02 PM Gösterim süresi boş olanlar bir önceki sütundaki ile dolduruldu.
12/31/2023 10:13:06 PM Doldurulan veri seti kaydedildi.
12/31/2023 10:13:20 PM Doldurulan veri seti kaydedildi.
12/31/2023 10:13:25 PM Temizlenmiş veri seti yüklendi.
12/31/2023 10:13:26 PM Sezon sayısı boş olanlar 1 ile dolduruldu.
12/31/2023 10:13:27 PM Gösterim süresi boş olanlar bir önceki sütundaki ile dolduruldu.
12/31/2023 10:13:33 PM Doldurulan veri seti kaydedildi.
12/31/2023 10:13:34 PM Özellikleri çıkarmak için ayrı bir veri seti oluşturuldu.
12/31/2023 10:13:34 PM Tarih özelliği oluşturuldu.
12/31/2023 10:13:35 PM Dizi adı özelliği oluşturuldu.
12/31/2023 10:13:35 PM Dizi adı uzunluğu özelliği oluşturuldu.
12/31/2023 10:13:35 PM En kısa dizi adı uzunluğuna sahip dizi bulundu.
12/31/2023 10:13:35 PM En uzun dizi adına sahip olan dizi bulundu.
12/31/2023 10:13:36 PM Dizi adındaki toplam kelime sayısı özelliği oluşturuldu.
12/31/2023 10:13:37 PM Adında en az kelime bulunan dizi bulundu.
12/31/2023 10:13:37 PM Adında en fazla kelime bulunan dizi bulundu.
12/31/2023 10:13:38 PM Dizi adındaki bağlaç sayısı bulundu.
12/31/2023 10:13:38 PM Dizi adında bağlaç olan diziler bulundu.
12/31/2023 10:14:52 PM Dizi adında yer ismi özelliği bulundu.
12/31/2023 10:14:52 PM Dizi adında yer ismi olan diziler bulundu.
12/31/2023 10:16:20 PM Dizi adında özel isim özelliği bulundu.
12/31/2023 10:16:20 PM Dizi adında özel isim olan diziler bulundu.
12/31/2023 10:16:20 PM Jeolojik veri seti yüklendi.
12/31/2023 10:16:21 PM Türkiye geçiyor özelliği bulundu.
12/31/2023 10:16:21 PM Türkiyede geçen diziler bulundu.
12/31/2023 10:16:23 PM Yurtdışında geçiyor özelliği bulundu.
12/31/2023 10:16:23 PM Yurtdışında geçen diziler bulundu.
12/31/2023 10:16:23 PM Toplam başrol sayısı özelliği bulundu.
12/31/2023 10:16:23 PM En fazla başrole sahip dizi bulundu.
12/31/2023 10:16:23 PM En az başrole sahip dizi bulundu.
12/31/2023 10:16:23 PM Uyarlama özelliği bulundu.
12/31/2023 10:16:23 PM Uyarlama olan diziler bulundu.
12/31/2023 10:16:24 PM Youtube hesabı özelliği bulundu.
12/31/2023 10:16:24 PM Facebook hesabı özelliği bulundu.
12/31/2023 10:16:24 PM Twitter hesabı özelliği bulundu.
12/31/2023 10:16:24 PM Instagram hesabı özelliği bulundu.
12/31/2023 10:16:24 PM Toplam sosyal medya hesabı sayısı özelliği bulundu.
12/31/2023 10:16:24 PM Dizinin yayınlandığı gün özelliği bulundu.
12/31/2023 10:16:24 PM Dizinin yayınlandığı gün özelliği bulundu.
12/31/2023 10:16:25 PM Dizinin yayınlandığı kanal ücreti özelliği bulundu.
12/31/2023 10:16:25 PM Dizinin türü özelliği bulundu.
12/31/2023 10:16:25 PM Dizinin senaristlerinin görev aldığı ortalama dizi sayısı özelliği bulundu.
12/31/2023 10:16:27 PM Dizinin senaristlerdeki ödüllü senarist sayısı özelliği bulundu.
12/31/2023 10:16:28 PM Dizinin senaristlerdeki aldığı toplam ortalama ödül sayısı özelliği bulundu.
12/31/2023 10:16:29 PM Dizinin başrollerinin görev aldığı ortalama dizi sayısı özelliği bulundu.
12/31/2023 10:16:33 PM Dizinin başrollerindeki ödüllü başrol sayısı özelliği bulundu.
12/31/2023 10:16:37 PM Dizinin başrollerinin aldığı toplam ortalama ödül sayısı özelliği bulundu.
12/31/2023 10:16:37 PM Dizinin yönetmenlerinin görev aldığı ortalama dizi sayısı özelliği bulundu.
12/31/2023 10:16:38 PM Dizinin yönetmen ödüllü yönetmen sayısı özelliği bulundu.
12/31/2023 10:16:40 PM Dizinin yönetmenlerinin aldığı toplam ortalama ödül sayısı özelliği bulundu.
12/31/2023 10:16:40 PM Dizi altın kelebek ödülü aldı mı özelliği bulundu.
12/31/2023 10:16:50 PM Dizinin başrollerindeki kadın oyuncu oranı bulundu.
12/31/2023 10:16:50 PM Dizinin gösterim süresi özelliği bulundu.
12/31/2023 10:16:50 PM Dizinin yayınlandığı kanal özelliği bulundu.
12/31/2023 10:16:51 PM Sezon sayısına göre işaretleme yapıldı.
12/31/2023 10:16:51 PM Özellik veri seti kaydedildi.
12/31/2023 10:29:02 PM Sezon sayısına göre işaretleme yapıldı.
12/31/2023 10:29:04 PM Özellik veri seti kaydedildi.
